RUN	CustomFeed		customfeed	1614118776644	 	2.0
USER	Video Game DB	1	START	1614118778256	1614118778256
GROUP	Failed to build request Post New Game : Failed to build request: CompletionException: io.gatling.core.session.el.ElParserException: Failed to parse {
  "id": "${gameId}",
  "name": "${name{",
  "releaseDate": "${releaseDate}",
  "reviewScore": "${releaseReviw}",
  "category": "${category}",
  "rating": "${rating}"
}


 with error '`}' expected but `{' found' 	1614118778415
GROUP	Failed to build request Post New Game : Failed to build request: CompletionException: io.gatling.core.session.el.ElParserException: Failed to parse {
  "id": "${gameId}",
  "name": "${name{",
  "releaseDate": "${releaseDate}",
  "reviewScore": "${releaseReviw}",
  "category": "${category}",
  "rating": "${rating}"
}


 with error '`}' expected but `{' found' 	1614118779461
GROUP	Failed to build request Post New Game : Failed to build request: CompletionException: io.gatling.core.session.el.ElParserException: Failed to parse {
  "id": "${gameId}",
  "name": "${name{",
  "releaseDate": "${releaseDate}",
  "reviewScore": "${releaseReviw}",
  "category": "${category}",
  "rating": "${rating}"
}


 with error '`}' expected but `{' found' 	1614118780475
GROUP	Failed to build request Post New Game : Failed to build request: CompletionException: io.gatling.core.session.el.ElParserException: Failed to parse {
  "id": "${gameId}",
  "name": "${name{",
  "releaseDate": "${releaseDate}",
  "reviewScore": "${releaseReviw}",
  "category": "${category}",
  "rating": "${rating}"
}


 with error '`}' expected but `{' found' 	1614118781468
GROUP	Failed to build request Post New Game : Failed to build request: CompletionException: io.gatling.core.session.el.ElParserException: Failed to parse {
  "id": "${gameId}",
  "name": "${name{",
  "releaseDate": "${releaseDate}",
  "reviewScore": "${releaseReviw}",
  "category": "${category}",
  "rating": "${rating}"
}


 with error '`}' expected but `{' found' 	1614118782482
USER	Video Game DB	1	END	1614118778256	1614118783498
