RUN	ConstantUserLoadSimulation		constantuserloadsimulation	1614255638810	 	2.0
USER	Video games DB	1	START	1614255645843	1614255645843
USER	Video games DB	2	START	1614255645943	1614255645943
REQUEST	Video games DB	2		GET all video games API 	1614255645943	1614255645982	OK	 
USER	Video games DB	3	START	1614255646041	1614255646041
REQUEST	Video games DB	3		GET all video games API 	1614255646042	1614255646077	OK	 
USER	Video games DB	4	START	1614255646143	1614255646143
USER	Video games DB	5	START	1614255646243	1614255646243
USER	Video games DB	6	START	1614255646340	1614255646340
REQUEST	Video games DB	6		GET all video games API 	1614255646340	1614255646359	OK	 
USER	Video games DB	7	START	1614255646440	1614255646440
REQUEST	Video games DB	7		GET all video games API 	1614255646440	1614255646459	OK	 
USER	Video games DB	8	START	1614255646543	1614255646543
REQUEST	Video games DB	8		GET all video games API 	1614255646543	1614255646555	OK	 
USER	Video games DB	9	START	1614255646643	1614255646643
REQUEST	Video games DB	9		GET all video games API 	1614255646643	1614255646659	OK	 
USER	Video games DB	10	START	1614255646741	1614255646741
REQUEST	Video games DB	10		GET all video games API 	1614255646741	1614255646756	OK	 
USER	Video games DB	11	START	1614255646839	1614255646839
USER	Video games DB	12	START	1614255646944	1614255646944
REQUEST	Video games DB	12		GET all video games API 	1614255646944	1614255646960	OK	 
USER	Video games DB	13	START	1614255647039	1614255647039
USER	Video games DB	14	START	1614255647140	1614255647140
REQUEST	Video games DB	14		GET all video games API 	1614255647141	1614255647154	OK	 
USER	Video games DB	15	START	1614255647241	1614255647241
REQUEST	Video games DB	15		GET all video games API 	1614255647241	1614255647258	OK	 
USER	Video games DB	16	START	1614255647341	1614255647341
USER	Video games DB	17	START	1614255647440	1614255647440
REQUEST	Video games DB	17		GET all video games API 	1614255647441	1614255647455	OK	 
USER	Video games DB	18	START	1614255647539	1614255647539
REQUEST	Video games DB	18		GET all video games API 	1614255647539	1614255647553	OK	 
USER	Video games DB	19	START	1614255647641	1614255647641
USER	Video games DB	20	START	1614255647740	1614255647740
USER	Video games DB	21	START	1614255647839	1614255647839
REQUEST	Video games DB	21		GET all video games API 	1614255647840	1614255647853	OK	 
REQUEST	Video games DB	1		GET all video games API 	1614255645895	1614255647923	OK	 
USER	Video games DB	22	START	1614255647939	1614255647939
USER	Video games DB	23	START	1614255648042	1614255648042
REQUEST	Video games DB	23		GET all video games API 	1614255648043	1614255648056	OK	 
USER	Video games DB	24	START	1614255648142	1614255648142
REQUEST	Video games DB	24		GET all video games API 	1614255648143	1614255648155	OK	 
REQUEST	Video games DB	4		GET all video games API 	1614255646143	1614255648171	OK	 
USER	Video games DB	25	START	1614255648244	1614255648244
REQUEST	Video games DB	5		GET all video games API 	1614255646243	1614255648272	OK	 
USER	Video games DB	26	START	1614255648339	1614255648339
USER	Video games DB	27	START	1614255648443	1614255648443
REQUEST	Video games DB	27		GET all video games API 	1614255648444	1614255648454	OK	 
USER	Video games DB	28	START	1614255648544	1614255648544
REQUEST	Video games DB	28		GET all video games API 	1614255648544	1614255648557	OK	 
USER	Video games DB	29	START	1614255648641	1614255648641
REQUEST	Video games DB	29		GET all video games API 	1614255648641	1614255648655	OK	 
USER	Video games DB	30	START	1614255648739	1614255648739
REQUEST	Video games DB	30		GET all video games API 	1614255648739	1614255648752	OK	 
USER	Video games DB	31	START	1614255648839	1614255648839
REQUEST	Video games DB	31		GET all video games API 	1614255648839	1614255648858	OK	 
REQUEST	Video games DB	11		GET all video games API 	1614255646839	1614255648869	OK	 
USER	Video games DB	32	START	1614255648932	1614255648932
USER	Video games DB	33	START	1614255649029	1614255649029
REQUEST	Video games DB	33		GET all video games API 	1614255649029	1614255649041	OK	 
REQUEST	Video games DB	13		GET all video games API 	1614255647040	1614255649055	OK	 
USER	Video games DB	34	START	1614255649134	1614255649134
REQUEST	Video games DB	34		GET all video games API 	1614255649135	1614255649152	OK	 
USER	Video games DB	35	START	1614255649232	1614255649232
USER	Video games DB	36	START	1614255649332	1614255649332
REQUEST	Video games DB	16		GET all video games API 	1614255647341	1614255649363	OK	 
USER	Video games DB	37	START	1614255649432	1614255649432
USER	Video games DB	38	START	1614255649530	1614255649530
USER	Video games DB	39	START	1614255649629	1614255649629
REQUEST	Video games DB	19		GET all video games API 	1614255647641	1614255649659	OK	 
USER	Video games DB	40	START	1614255649729	1614255649729
REQUEST	Video games DB	40		GET all video games API 	1614255649729	1614255649744	OK	 
REQUEST	Video games DB	20		GET all video games API 	1614255647741	1614255649762	OK	 
USER	Video games DB	41	START	1614255649833	1614255649833
USER	Video games DB	42	START	1614255649943	1614255649943
REQUEST	Video games DB	22		GET all video games API 	1614255647939	1614255649954	OK	 
USER	Video games DB	43	START	1614255650043	1614255650043
REQUEST	Video games DB	43		GET all video games API 	1614255650044	1614255650062	OK	 
USER	Video games DB	44	START	1614255650144	1614255650144
REQUEST	Video games DB	44		GET all video games API 	1614255650145	1614255650159	OK	 
USER	Video games DB	45	START	1614255650242	1614255650242
REQUEST	Video games DB	25		GET all video games API 	1614255648244	1614255650261	OK	 
USER	Video games DB	46	START	1614255650342	1614255650342
REQUEST	Video games DB	46		GET all video games API 	1614255650342	1614255650358	OK	 
REQUEST	Video games DB	26		GET all video games API 	1614255648340	1614255650359	OK	 
USER	Video games DB	47	START	1614255650443	1614255650443
REQUEST	Video games DB	47		GET all video games API 	1614255650443	1614255650455	OK	 
USER	Video games DB	48	START	1614255650544	1614255650544
REQUEST	Video games DB	48		GET all video games API 	1614255650545	1614255650560	OK	 
USER	Video games DB	49	START	1614255650639	1614255650639
USER	Video games DB	50	START	1614255650741	1614255650741
REQUEST	Video games DB	50		GET all video games API 	1614255650741	1614255650753	OK	 
USER	Video games DB	51	START	1614255650840	1614255650840
REQUEST	Video games DB	51		GET all video games API 	1614255650840	1614255650855	OK	 
USER	Video games DB	52	START	1614255650943	1614255650943
REQUEST	Video games DB	32		GET all video games API 	1614255648933	1614255650957	OK	 
REQUEST	Video games DB	2		Get A specfic video game	1614255651002	1614255651018	OK	 
USER	Video games DB	53	START	1614255651044	1614255651044
REQUEST	Video games DB	53		GET all video games API 	1614255651044	1614255651060	OK	 
REQUEST	Video games DB	3		Get A specfic video game	1614255651091	1614255651101	OK	 
USER	Video games DB	54	START	1614255651142	1614255651142
USER	Video games DB	55	START	1614255651241	1614255651241
REQUEST	Video games DB	35		GET all video games API 	1614255649232	1614255651248	OK	 
USER	Video games DB	56	START	1614255651339	1614255651339
REQUEST	Video games DB	36		GET all video games API 	1614255649332	1614255651350	OK	 
REQUEST	Video games DB	6		Get A specfic video game	1614255651373	1614255651384	OK	 
USER	Video games DB	57	START	1614255651441	1614255651441
REQUEST	Video games DB	37		GET all video games API 	1614255649432	1614255651451	OK	 
REQUEST	Video games DB	7		Get A specfic video game	1614255651474	1614255651484	OK	 
USER	Video games DB	58	START	1614255651541	1614255651541
REQUEST	Video games DB	38		GET all video games API 	1614255649531	1614255651558	OK	 
REQUEST	Video games DB	58		GET all video games API 	1614255651542	1614255651562	OK	 
REQUEST	Video games DB	8		Get A specfic video game	1614255651563	1614255651574	OK	 
USER	Video games DB	59	START	1614255651641	1614255651641
REQUEST	Video games DB	39		GET all video games API 	1614255649629	1614255651647	OK	 
REQUEST	Video games DB	59		GET all video games API 	1614255651642	1614255651656	OK	 
REQUEST	Video games DB	9		Get A specfic video game	1614255651684	1614255651694	OK	 
USER	Video games DB	60	START	1614255651739	1614255651739
REQUEST	Video games DB	60		GET all video games API 	1614255651740	1614255651751	OK	 
REQUEST	Video games DB	10		Get A specfic video game	1614255651772	1614255651783	OK	 
USER	Video games DB	61	START	1614255651840	1614255651840
REQUEST	Video games DB	41		GET all video games API 	1614255649834	1614255651853	OK	 
REQUEST	Video games DB	61		GET all video games API 	1614255651840	1614255651858	OK	 
USER	Video games DB	62	START	1614255651941	1614255651941
REQUEST	Video games DB	62		GET all video games API 	1614255651941	1614255651960	OK	 
REQUEST	Video games DB	42		GET all video games API 	1614255649944	1614255651968	OK	 
REQUEST	Video games DB	12		Get A specfic video game	1614255651981	1614255651992	OK	 
USER	Video games DB	63	START	1614255652039	1614255652039
USER	Video games DB	64	START	1614255652141	1614255652141
REQUEST	Video games DB	14		Get A specfic video game	1614255652172	1614255652183	OK	 
USER	Video games DB	65	START	1614255652239	1614255652239
REQUEST	Video games DB	65		GET all video games API 	1614255652239	1614255652262	OK	 
REQUEST	Video games DB	45		GET all video games API 	1614255650242	1614255652270	OK	 
REQUEST	Video games DB	15		Get A specfic video game	1614255652271	1614255652284	OK	 
USER	Video games DB	66	START	1614255652339	1614255652339
USER	Video games DB	67	START	1614255652444	1614255652444
REQUEST	Video games DB	17		Get A specfic video game	1614255652470	1614255652481	OK	 
USER	Video games DB	68	START	1614255652539	1614255652539
REQUEST	Video games DB	18		Get A specfic video game	1614255652572	1614255652583	OK	 
USER	Video games DB	69	START	1614255652640	1614255652640
REQUEST	Video games DB	49		GET all video games API 	1614255650639	1614255652658	OK	 
USER	Video games DB	70	START	1614255652740	1614255652740
REQUEST	Video games DB	70		GET all video games API 	1614255652740	1614255652753	OK	 
USER	Video games DB	71	START	1614255652840	1614255652840
REQUEST	Video games DB	71		GET all video games API 	1614255652840	1614255652853	OK	 
REQUEST	Video games DB	21		Get A specfic video game	1614255652872	1614255652884	OK	 
REQUEST	Video games DB	1		Get A specfic video game	1614255652929	1614255652940	OK	 
USER	Video games DB	72	START	1614255652940	1614255652940
REQUEST	Video games DB	52		GET all video games API 	1614255650944	1614255652965	OK	 
USER	Video games DB	73	START	1614255653040	1614255653040
REQUEST	Video games DB	73		GET all video games API 	1614255653040	1614255653052	OK	 
REQUEST	Video games DB	23		Get A specfic video game	1614255653074	1614255653091	OK	 
USER	Video games DB	74	START	1614255653142	1614255653142
REQUEST	Video games DB	54		GET all video games API 	1614255651143	1614255653169	OK	 
REQUEST	Video games DB	24		Get A specfic video game	1614255653169	1614255653185	OK	 
REQUEST	Video games DB	4		Get A specfic video game	1614255653192	1614255653204	OK	 
USER	Video games DB	75	START	1614255653240	1614255653240
REQUEST	Video games DB	55		GET all video games API 	1614255651242	1614255653261	OK	 
REQUEST	Video games DB	5		Get A specfic video game	1614255653295	1614255653307	OK	 
USER	Video games DB	76	START	1614255653342	1614255653342
REQUEST	Video games DB	56		GET all video games API 	1614255651340	1614255653357	OK	 
USER	Video games DB	77	START	1614255653439	1614255653439
REQUEST	Video games DB	77		GET all video games API 	1614255653439	1614255653459	OK	 
REQUEST	Video games DB	57		GET all video games API 	1614255651441	1614255653465	OK	 
REQUEST	Video games DB	27		Get A specfic video game	1614255653466	1614255653480	OK	 
USER	Video games DB	78	START	1614255653539	1614255653539
REQUEST	Video games DB	78		GET all video games API 	1614255653539	1614255653552	OK	 
REQUEST	Video games DB	28		Get A specfic video game	1614255653561	1614255653573	OK	 
USER	Video games DB	79	START	1614255653639	1614255653639
REQUEST	Video games DB	79		GET all video games API 	1614255653640	1614255653657	OK	 
REQUEST	Video games DB	29		Get A specfic video game	1614255653672	1614255653683	OK	 
USER	Video games DB	80	START	1614255653741	1614255653741
REQUEST	Video games DB	30		Get A specfic video game	1614255653774	1614255653786	OK	 
USER	Video games DB	81	START	1614255653841	1614255653841
REQUEST	Video games DB	81		GET all video games API 	1614255653841	1614255653854	OK	 
REQUEST	Video games DB	31		Get A specfic video game	1614255653883	1614255653897	OK	 
REQUEST	Video games DB	11		Get A specfic video game	1614255653883	1614255653903	OK	 
USER	Video games DB	82	START	1614255653943	1614255653943
USER	Video games DB	83	START	1614255654039	1614255654039
REQUEST	Video games DB	83		GET all video games API 	1614255654039	1614255654055	OK	 
REQUEST	Video games DB	63		GET all video games API 	1614255652039	1614255654061	OK	 
REQUEST	Video games DB	33		Get A specfic video game	1614255654064	1614255654077	OK	 
REQUEST	Video games DB	13		Get A specfic video game	1614255654069	1614255654083	OK	 
USER	Video games DB	84	START	1614255654139	1614255654139
REQUEST	Video games DB	84		GET all video games API 	1614255654139	1614255654170	OK	 
REQUEST	Video games DB	64		GET all video games API 	1614255652141	1614255654176	OK	 
REQUEST	Video games DB	34		Get A specfic video game	1614255654177	1614255654194	OK	 
USER	Video games DB	85	START	1614255654244	1614255654244
REQUEST	Video games DB	85		GET all video games API 	1614255654244	1614255654257	OK	 
USER	Video games DB	86	START	1614255654343	1614255654343
REQUEST	Video games DB	66		GET all video games API 	1614255652339	1614255654357	OK	 
REQUEST	Video games DB	16		Get A specfic video game	1614255654369	1614255654381	OK	 
USER	Video games DB	87	START	1614255654442	1614255654442
REQUEST	Video games DB	87		GET all video games API 	1614255654442	1614255654457	OK	 
REQUEST	Video games DB	67		GET all video games API 	1614255652444	1614255654465	OK	 
USER	Video games DB	88	START	1614255654544	1614255654544
REQUEST	Video games DB	68		GET all video games API 	1614255652539	1614255654560	OK	 
USER	Video games DB	89	START	1614255654639	1614255654639
REQUEST	Video games DB	89		GET all video games API 	1614255654639	1614255654656	OK	 
REQUEST	Video games DB	69		GET all video games API 	1614255652640	1614255654662	OK	 
REQUEST	Video games DB	19		Get A specfic video game	1614255654672	1614255654684	OK	 
USER	Video games DB	90	START	1614255654741	1614255654741
REQUEST	Video games DB	40		Get A specfic video game	1614255654761	1614255654773	OK	 
REQUEST	Video games DB	20		Get A specfic video game	1614255654773	1614255654785	OK	 
USER	Video games DB	91	START	1614255654842	1614255654842
REQUEST	Video games DB	91		GET all video games API 	1614255654842	1614255654859	OK	 
USER	Video games DB	92	START	1614255654944	1614255654944
REQUEST	Video games DB	72		GET all video games API 	1614255652940	1614255654957	OK	 
REQUEST	Video games DB	22		Get A specfic video game	1614255654959	1614255654969	OK	 
USER	Video games DB	93	START	1614255655039	1614255655039
REQUEST	Video games DB	43		Get A specfic video game	1614255655081	1614255655092	OK	 
USER	Video games DB	94	START	1614255655144	1614255655144
REQUEST	Video games DB	74		GET all video games API 	1614255653142	1614255655159	OK	 
REQUEST	Video games DB	44		Get A specfic video game	1614255655171	1614255655186	OK	 
USER	Video games DB	95	START	1614255655244	1614255655244
REQUEST	Video games DB	75		GET all video games API 	1614255653240	1614255655265	OK	 
REQUEST	Video games DB	25		Get A specfic video game	1614255655269	1614255655281	OK	 
USER	Video games DB	96	START	1614255655339	1614255655339
REQUEST	Video games DB	76		GET all video games API 	1614255653343	1614255655362	OK	 
REQUEST	Video games DB	26		Get A specfic video game	1614255655372	1614255655386	OK	 
REQUEST	Video games DB	46		Get A specfic video game	1614255655372	1614255655393	OK	 
USER	Video games DB	97	START	1614255655442	1614255655442
REQUEST	Video games DB	47		Get A specfic video game	1614255655464	1614255655475	OK	 
USER	Video games DB	98	START	1614255655539	1614255655539
USER	Video games DB	99	START	1614255655641	1614255655641
REQUEST	Video games DB	48		Get A specfic video game	1614255655598	1614255655651	OK	 
REQUEST	Video games DB	99		GET all video games API 	1614255655642	1614255655711	OK	 
USER	Video games DB	100	START	1614255655741	1614255655741
REQUEST	Video games DB	80		GET all video games API 	1614255653741	1614255655775	OK	 
REQUEST	Video games DB	50		Get A specfic video game	1614255655782	1614255655803	OK	 
REQUEST	Video games DB	51		Get A specfic video game	1614255655871	1614255655900	OK	 
REQUEST	Video games DB	82		GET all video games API 	1614255653943	1614255655961	OK	 
REQUEST	Video games DB	32		Get A specfic video game	1614255655969	1614255655981	OK	 
REQUEST	Video games DB	2		GET all video games API 	1614255656023	1614255656034	OK	 
USER	Video games DB	2	END	1614255645943	1614255656040
REQUEST	Video games DB	53		Get A specfic video game	1614255656072	1614255656086	OK	 
REQUEST	Video games DB	3		GET all video games API 	1614255656110	1614255656126	OK	 
USER	Video games DB	3	END	1614255646041	1614255656127
REQUEST	Video games DB	35		Get A specfic video game	1614255656260	1614255656272	OK	 
REQUEST	Video games DB	86		GET all video games API 	1614255654344	1614255656362	OK	 
REQUEST	Video games DB	36		Get A specfic video game	1614255656374	1614255656390	OK	 
REQUEST	Video games DB	6		GET all video games API 	1614255656379	1614255656406	OK	 
USER	Video games DB	6	END	1614255646340	1614255656407
REQUEST	Video games DB	37		Get A specfic video game	1614255656462	1614255656473	OK	 
REQUEST	Video games DB	7		GET all video games API 	1614255656493	1614255656508	OK	 
USER	Video games DB	7	END	1614255646440	1614255656509
REQUEST	Video games DB	88		GET all video games API 	1614255654544	1614255656564	OK	 
REQUEST	Video games DB	58		Get A specfic video game	1614255656572	1614255656587	OK	 
REQUEST	Video games DB	38		Get A specfic video game	1614255656572	1614255656597	OK	 
REQUEST	Video games DB	8		GET all video games API 	1614255656573	1614255656615	OK	 
USER	Video games DB	8	END	1614255646543	1614255656616
REQUEST	Video games DB	39		Get A specfic video game	1614255656665	1614255656679	OK	 
REQUEST	Video games DB	59		Get A specfic video game	1614255656669	1614255656687	OK	 
REQUEST	Video games DB	9		GET all video games API 	1614255656681	1614255656699	OK	 
USER	Video games DB	9	END	1614255646643	1614255656700
REQUEST	Video games DB	90		GET all video games API 	1614255654741	1614255656760	OK	 
REQUEST	Video games DB	60		Get A specfic video game	1614255656773	1614255656784	OK	 
REQUEST	Video games DB	10		GET all video games API 	1614255656789	1614255656807	OK	 
USER	Video games DB	10	END	1614255646741	1614255656808
REQUEST	Video games DB	61		Get A specfic video game	1614255656875	1614255656886	OK	 
REQUEST	Video games DB	41		Get A specfic video game	1614255656875	1614255656897	OK	 
REQUEST	Video games DB	92		GET all video games API 	1614255654944	1614255656965	OK	 
REQUEST	Video games DB	62		Get A specfic video game	1614255656971	1614255656987	OK	 
REQUEST	Video games DB	42		Get A specfic video game	1614255656981	1614255657000	OK	 
REQUEST	Video games DB	12		GET all video games API 	1614255656993	1614255657027	OK	 
USER	Video games DB	12	END	1614255646944	1614255657028
REQUEST	Video games DB	93		GET all video games API 	1614255655039	1614255657064	OK	 
REQUEST	Video games DB	94		GET all video games API 	1614255655144	1614255657171	OK	 
REQUEST	Video games DB	14		GET all video games API 	1614255657189	1614255657202	OK	 
USER	Video games DB	14	END	1614255647140	1614255657203
REQUEST	Video games DB	95		GET all video games API 	1614255655244	1614255657264	OK	 
REQUEST	Video games DB	65		Get A specfic video game	1614255657281	1614255657293	OK	 
REQUEST	Video games DB	45		Get A specfic video game	1614255657281	1614255657297	OK	 
REQUEST	Video games DB	15		GET all video games API 	1614255657293	1614255657308	OK	 
USER	Video games DB	15	END	1614255647241	1614255657309
REQUEST	Video games DB	96		GET all video games API 	1614255655339	1614255657360	OK	 
REQUEST	Video games DB	97		GET all video games API 	1614255655443	1614255657458	OK	 
REQUEST	Video games DB	17		GET all video games API 	1614255657491	1614255657506	OK	 
USER	Video games DB	17	END	1614255647440	1614255657507
REQUEST	Video games DB	98		GET all video games API 	1614255655539	1614255657562	OK	 
REQUEST	Video games DB	18		GET all video games API 	1614255657584	1614255657596	OK	 
USER	Video games DB	18	END	1614255647539	1614255657597
REQUEST	Video games DB	49		Get A specfic video game	1614255657670	1614255657681	OK	 
REQUEST	Video games DB	100		GET all video games API 	1614255655742	1614255657767	OK	 
REQUEST	Video games DB	70		Get A specfic video game	1614255657773	1614255657788	OK	 
REQUEST	Video games DB	71		Get A specfic video game	1614255657874	1614255657887	OK	 
REQUEST	Video games DB	21		GET all video games API 	1614255657889	1614255657898	OK	 
USER	Video games DB	21	END	1614255647839	1614255657899
REQUEST	Video games DB	1		GET all video games API 	1614255657964	1614255657976	OK	 
USER	Video games DB	1	END	1614255645843	1614255657977
REQUEST	Video games DB	52		Get A specfic video game	1614255657980	1614255657992	OK	 
REQUEST	Video games DB	73		Get A specfic video game	1614255658069	1614255658083	OK	 
REQUEST	Video games DB	23		GET all video games API 	1614255658091	1614255658106	OK	 
USER	Video games DB	23	END	1614255648042	1614255658108
REQUEST	Video games DB	54		Get A specfic video game	1614255658193	1614255658211	OK	 
REQUEST	Video games DB	4		GET all video games API 	1614255658208	1614255658223	OK	 
USER	Video games DB	4	END	1614255646143	1614255658224
REQUEST	Video games DB	24		GET all video games API 	1614255658193	1614255658222	OK	 
USER	Video games DB	24	END	1614255648142	1614255658227
REQUEST	Video games DB	55		Get A specfic video game	1614255658283	1614255658311	OK	 
REQUEST	Video games DB	5		GET all video games API 	1614255658304	1614255658323	OK	 
USER	Video games DB	5	END	1614255646243	1614255658324
REQUEST	Video games DB	56		Get A specfic video game	1614255658372	1614255658384	OK	 
REQUEST	Video games DB	77		Get A specfic video game	1614255658473	1614255658482	OK	 
REQUEST	Video games DB	57		Get A specfic video game	1614255658473	1614255658491	OK	 
REQUEST	Video games DB	27		GET all video games API 	1614255658495	1614255658508	OK	 
USER	Video games DB	27	END	1614255648443	1614255658509
REQUEST	Video games DB	78		Get A specfic video game	1614255658569	1614255658579	OK	 
REQUEST	Video games DB	28		GET all video games API 	1614255658590	1614255658600	OK	 
USER	Video games DB	28	END	1614255648544	1614255658602
REQUEST	Video games DB	79		Get A specfic video game	1614255658670	1614255658683	OK	 
REQUEST	Video games DB	29		GET all video games API 	1614255658692	1614255658706	OK	 
USER	Video games DB	29	END	1614255648641	1614255658707
REQUEST	Video games DB	30		GET all video games API 	1614255658783	1614255658796	OK	 
USER	Video games DB	30	END	1614255648739	1614255658797
REQUEST	Video games DB	81		Get A specfic video game	1614255658869	1614255658889	OK	 
REQUEST	Video games DB	31		GET all video games API 	1614255658893	1614255658909	OK	 
USER	Video games DB	31	END	1614255648839	1614255658910
REQUEST	Video games DB	11		GET all video games API 	1614255658918	1614255658937	OK	 
USER	Video games DB	11	END	1614255646839	1614255658938
REQUEST	Video games DB	63		Get A specfic video game	1614255659071	1614255659082	OK	 
REQUEST	Video games DB	83		Get A specfic video game	1614255659071	1614255659096	OK	 
REQUEST	Video games DB	13		GET all video games API 	1614255659096	1614255659120	OK	 
REQUEST	Video games DB	33		GET all video games API 	1614255659072	1614255659120	OK	 
USER	Video games DB	13	END	1614255647039	1614255659121
USER	Video games DB	33	END	1614255649029	1614255659122
REQUEST	Video games DB	64		Get A specfic video game	1614255659179	1614255659200	OK	 
REQUEST	Video games DB	84		Get A specfic video game	1614255659179	1614255659207	OK	 
REQUEST	Video games DB	34		GET all video games API 	1614255659190	1614255659210	OK	 
USER	Video games DB	34	END	1614255649134	1614255659211
REQUEST	Video games DB	85		Get A specfic video game	1614255659260	1614255659270	OK	 
REQUEST	Video games DB	66		Get A specfic video game	1614255659363	1614255659376	OK	 
REQUEST	Video games DB	16		GET all video games API 	1614255659401	1614255659410	OK	 
USER	Video games DB	16	END	1614255647341	1614255659411
REQUEST	Video games DB	87		Get A specfic video game	1614255659469	1614255659478	OK	 
REQUEST	Video games DB	67		Get A specfic video game	1614255659480	1614255659489	OK	 
REQUEST	Video games DB	68		Get A specfic video game	1614255659581	1614255659592	OK	 
REQUEST	Video games DB	89		Get A specfic video game	1614255659671	1614255659681	OK	 
REQUEST	Video games DB	19		GET all video games API 	1614255659683	1614255659694	OK	 
USER	Video games DB	19	END	1614255647641	1614255659701
REQUEST	Video games DB	69		Get A specfic video game	1614255659683	1614255659706	OK	 
REQUEST	Video games DB	40		GET all video games API 	1614255659780	1614255659789	OK	 
USER	Video games DB	40	END	1614255649729	1614255659790
REQUEST	Video games DB	20		GET all video games API 	1614255659791	1614255659807	OK	 
USER	Video games DB	20	END	1614255647740	1614255659808
REQUEST	Video games DB	91		Get A specfic video game	1614255659870	1614255659879	OK	 
REQUEST	Video games DB	72		Get A specfic video game	1614255659962	1614255659971	OK	 
REQUEST	Video games DB	22		GET all video games API 	1614255659984	1614255659995	OK	 
USER	Video games DB	22	END	1614255647939	1614255659996
REQUEST	Video games DB	43		GET all video games API 	1614255660100	1614255660124	OK	 
USER	Video games DB	43	END	1614255650043	1614255660125
REQUEST	Video games DB	74		Get A specfic video game	1614255660183	1614255660193	OK	 
REQUEST	Video games DB	44		GET all video games API 	1614255660195	1614255660205	OK	 
USER	Video games DB	44	END	1614255650144	1614255660207
REQUEST	Video games DB	75		Get A specfic video game	1614255660281	1614255660292	OK	 
REQUEST	Video games DB	25		GET all video games API 	1614255660301	1614255660312	OK	 
USER	Video games DB	25	END	1614255648244	1614255660313
REQUEST	Video games DB	26		GET all video games API 	1614255660383	1614255660395	OK	 
REQUEST	Video games DB	76		Get A specfic video game	1614255660383	1614255660395	OK	 
USER	Video games DB	26	END	1614255648339	1614255660396
REQUEST	Video games DB	46		GET all video games API 	1614255660403	1614255660417	OK	 
USER	Video games DB	46	END	1614255650342	1614255660418
REQUEST	Video games DB	47		GET all video games API 	1614255660479	1614255660491	OK	 
USER	Video games DB	47	END	1614255650443	1614255660492
REQUEST	Video games DB	48		GET all video games API 	1614255660651	1614255660661	OK	 
USER	Video games DB	48	END	1614255650544	1614255660662
REQUEST	Video games DB	99		Get A specfic video game	1614255660721	1614255660734	OK	 
REQUEST	Video games DB	50		GET all video games API 	1614255660791	1614255660804	OK	 
USER	Video games DB	50	END	1614255650741	1614255660805
REQUEST	Video games DB	80		Get A specfic video game	1614255660791	1614255660808	OK	 
REQUEST	Video games DB	51		GET all video games API 	1614255660905	1614255660913	OK	 
USER	Video games DB	51	END	1614255650840	1614255660914
REQUEST	Video games DB	82		Get A specfic video game	1614255660975	1614255660984	OK	 
REQUEST	Video games DB	32		GET all video games API 	1614255660990	1614255660996	OK	 
USER	Video games DB	32	END	1614255648932	1614255660997
REQUEST	Video games DB	53		GET all video games API 	1614255661082	1614255661092	OK	 
USER	Video games DB	53	END	1614255651044	1614255661093
REQUEST	Video games DB	35		GET all video games API 	1614255661282	1614255661291	OK	 
USER	Video games DB	35	END	1614255649232	1614255661291
REQUEST	Video games DB	86		Get A specfic video game	1614255661374	1614255661385	OK	 
REQUEST	Video games DB	36		GET all video games API 	1614255661380	1614255661400	OK	 
USER	Video games DB	36	END	1614255649332	1614255661401
REQUEST	Video games DB	37		GET all video games API 	1614255661482	1614255661493	OK	 
USER	Video games DB	37	END	1614255649432	1614255661494
REQUEST	Video games DB	88		Get A specfic video game	1614255661585	1614255661607	OK	 
REQUEST	Video games DB	58		GET all video games API 	1614255661587	1614255661611	OK	 
USER	Video games DB	58	END	1614255651541	1614255661612
REQUEST	Video games DB	38		GET all video games API 	1614255661616	1614255661635	OK	 
USER	Video games DB	38	END	1614255649530	1614255661636
REQUEST	Video games DB	59		GET all video games API 	1614255661708	1614255661736	OK	 
USER	Video games DB	59	END	1614255651641	1614255661737
REQUEST	Video games DB	39		GET all video games API 	1614255661681	1614255661740	OK	 
USER	Video games DB	39	END	1614255649629	1614255661741
REQUEST	Video games DB	90		Get A specfic video game	1614255661769	1614255661781	OK	 
REQUEST	Video games DB	60		GET all video games API 	1614255661769	1614255661785	OK	 
USER	Video games DB	60	END	1614255651739	1614255661786
REQUEST	Video games DB	61		GET all video games API 	1614255661889	1614255661905	OK	 
USER	Video games DB	61	END	1614255651840	1614255661905
REQUEST	Video games DB	41		GET all video games API 	1614255661889	1614255661908	OK	 
USER	Video games DB	41	END	1614255649833	1614255661909
REQUEST	Video games DB	92		Get A specfic video game	1614255661981	1614255661991	OK	 
REQUEST	Video games DB	62		GET all video games API 	1614255661993	1614255662007	OK	 
USER	Video games DB	62	END	1614255651941	1614255662007
REQUEST	Video games DB	42		GET all video games API 	1614255662000	1614255662017	OK	 
USER	Video games DB	42	END	1614255649943	1614255662018
REQUEST	Video games DB	93		Get A specfic video game	1614255662083	1614255662094	OK	 
REQUEST	Video games DB	94		Get A specfic video game	1614255662183	1614255662197	OK	 
REQUEST	Video games DB	95		Get A specfic video game	1614255662281	1614255662292	OK	 
REQUEST	Video games DB	65		GET all video games API 	1614255662292	1614255662304	OK	 
USER	Video games DB	65	END	1614255652239	1614255662305
REQUEST	Video games DB	45		GET all video games API 	1614255662306	1614255662317	OK	 
USER	Video games DB	45	END	1614255650242	1614255662318
REQUEST	Video games DB	96		Get A specfic video game	1614255662379	1614255662398	OK	 
REQUEST	Video games DB	97		Get A specfic video game	1614255662482	1614255662492	OK	 
REQUEST	Video games DB	98		Get A specfic video game	1614255662585	1614255662599	OK	 
REQUEST	Video games DB	49		GET all video games API 	1614255662685	1614255662704	OK	 
USER	Video games DB	49	END	1614255650639	1614255662705
REQUEST	Video games DB	100		Get A specfic video game	1614255662780	1614255662793	OK	 
REQUEST	Video games DB	70		GET all video games API 	1614255662781	1614255662799	OK	 
USER	Video games DB	70	END	1614255652740	1614255662800
REQUEST	Video games DB	71		GET all video games API 	1614255662870	1614255662877	OK	 
USER	Video games DB	71	END	1614255652840	1614255662877
REQUEST	Video games DB	52		GET all video games API 	1614255662999	1614255663008	OK	 
USER	Video games DB	52	END	1614255650943	1614255663009
REQUEST	Video games DB	73		GET all video games API 	1614255663092	1614255663102	OK	 
USER	Video games DB	73	END	1614255653040	1614255663102
REQUEST	Video games DB	55		GET all video games API 	1614255663303	1614255663313	OK	 
USER	Video games DB	55	END	1614255651241	1614255663315
REQUEST	Video games DB	56		GET all video games API 	1614255663389	1614255663402	OK	 
USER	Video games DB	56	END	1614255651339	1614255663402
REQUEST	Video games DB	77		GET all video games API 	1614255663482	1614255663492	OK	 
USER	Video games DB	77	END	1614255653439	1614255663493
REQUEST	Video games DB	57		GET all video games API 	1614255663500	1614255663516	OK	 
USER	Video games DB	57	END	1614255651441	1614255663516
REQUEST	Video games DB	78		GET all video games API 	1614255663582	1614255663591	OK	 
USER	Video games DB	78	END	1614255653539	1614255663591
REQUEST	Video games DB	79		GET all video games API 	1614255663690	1614255663702	OK	 
USER	Video games DB	79	END	1614255653639	1614255663702
REQUEST	Video games DB	81		GET all video games API 	1614255663889	1614255663903	OK	 
USER	Video games DB	81	END	1614255653841	1614255663903
REQUEST	Video games DB	83		GET all video games API 	1614255664106	1614255664126	OK	 
USER	Video games DB	83	END	1614255654039	1614255664126
REQUEST	Video games DB	63		GET all video games API 	1614255664082	1614255664120	OK	 
USER	Video games DB	63	END	1614255652039	1614255664133
REQUEST	Video games DB	84		GET all video games API 	1614255664213	1614255664230	OK	 
USER	Video games DB	84	END	1614255654139	1614255664230
REQUEST	Video games DB	64		GET all video games API 	1614255664213	1614255664234	OK	 
USER	Video games DB	64	END	1614255652141	1614255664235
REQUEST	Video games DB	85		GET all video games API 	1614255664290	1614255664302	OK	 
USER	Video games DB	85	END	1614255654244	1614255664303
REQUEST	Video games DB	66		GET all video games API 	1614255664383	1614255664393	OK	 
USER	Video games DB	66	END	1614255652339	1614255664394
REQUEST	Video games DB	87		GET all video games API 	1614255664480	1614255664488	OK	 
USER	Video games DB	87	END	1614255654442	1614255664489
REQUEST	Video games DB	67		GET all video games API 	1614255664490	1614255664500	OK	 
USER	Video games DB	67	END	1614255652444	1614255664500
REQUEST	Video games DB	68		GET all video games API 	1614255664594	1614255664604	OK	 
USER	Video games DB	68	END	1614255652539	1614255664605
REQUEST	Video games DB	89		GET all video games API 	1614255664679	1614255664690	OK	 
USER	Video games DB	89	END	1614255654639	1614255664691
REQUEST	Video games DB	69		GET all video games API 	1614255664700	1614255664710	OK	 
USER	Video games DB	69	END	1614255652640	1614255664711
REQUEST	Video games DB	91		GET all video games API 	1614255664885	1614255664897	OK	 
USER	Video games DB	91	END	1614255654842	1614255664898
REQUEST	Video games DB	72		GET all video games API 	1614255664982	1614255664996	OK	 
USER	Video games DB	72	END	1614255652940	1614255664997
REQUEST	Video games DB	74		GET all video games API 	1614255665179	1614255665193	OK	 
USER	Video games DB	74	END	1614255653142	1614255665194
REQUEST	Video games DB	54		GET all video games API 	1614255663209	1614255665231	OK	 
USER	Video games DB	54	END	1614255651142	1614255665232
REQUEST	Video games DB	75		GET all video games API 	1614255665294	1614255665305	OK	 
USER	Video games DB	75	END	1614255653240	1614255665306
REQUEST	Video games DB	76		GET all video games API 	1614255665384	1614255665399	OK	 
USER	Video games DB	76	END	1614255653342	1614255665400
REQUEST	Video games DB	99		GET all video games API 	1614255665739	1614255665753	OK	 
USER	Video games DB	99	END	1614255655641	1614255665754
REQUEST	Video games DB	80		GET all video games API 	1614255665813	1614255665825	OK	 
USER	Video games DB	80	END	1614255653741	1614255665826
REQUEST	Video games DB	82		GET all video games API 	1614255665990	1614255666000	OK	 
USER	Video games DB	82	END	1614255653943	1614255666001
REQUEST	Video games DB	86		GET all video games API 	1614255666402	1614255666415	OK	 
USER	Video games DB	86	END	1614255654343	1614255666415
REQUEST	Video games DB	88		GET all video games API 	1614255666602	1614255666613	OK	 
USER	Video games DB	88	END	1614255654544	1614255666614
REQUEST	Video games DB	90		GET all video games API 	1614255666792	1614255666804	OK	 
USER	Video games DB	90	END	1614255654741	1614255666804
REQUEST	Video games DB	92		GET all video games API 	1614255666991	1614255667003	OK	 
USER	Video games DB	92	END	1614255654944	1614255667003
REQUEST	Video games DB	93		GET all video games API 	1614255667079	1614255667092	OK	 
USER	Video games DB	93	END	1614255655039	1614255667093
REQUEST	Video games DB	94		GET all video games API 	1614255667192	1614255667203	OK	 
USER	Video games DB	94	END	1614255655144	1614255667203
REQUEST	Video games DB	95		GET all video games API 	1614255667300	1614255667313	OK	 
USER	Video games DB	95	END	1614255655244	1614255667314
REQUEST	Video games DB	96		GET all video games API 	1614255667393	1614255667404	OK	 
USER	Video games DB	96	END	1614255655339	1614255667405
REQUEST	Video games DB	97		GET all video games API 	1614255667481	1614255667495	OK	 
USER	Video games DB	97	END	1614255655442	1614255667496
REQUEST	Video games DB	98		GET all video games API 	1614255667594	1614255667604	OK	 
USER	Video games DB	98	END	1614255655539	1614255667604
REQUEST	Video games DB	100		GET all video games API 	1614255667791	1614255667802	OK	 
USER	Video games DB	100	END	1614255655741	1614255667802
