RUN	CustomFeed		customfeed	1614118291169	 	2.0
USER	Video Game DB	1	START	1614118293579	1614118293579
GROUP	Failed to build request Post New Game : Failed to build request: CompletionException: io.gatling.core.session.el.ElParserException: Failed to parse {
  "id": "${gameId}",
  "name": "${name{",
  "releaseDate": "${releaseDate}",
  "reviewScore": "${releaseReviw}",
  "category": "${category}",
  "rating": "${rating}"
}


 with error '`}' expected but `{' found' 	1614118293726
GROUP	Failed to build request Post New Game : Failed to build request: CompletionException: io.gatling.core.session.el.ElParserException: Failed to parse {
  "id": "${gameId}",
  "name": "${name{",
  "releaseDate": "${releaseDate}",
  "reviewScore": "${releaseReviw}",
  "category": "${category}",
  "rating": "${rating}"
}


 with error '`}' expected but `{' found' 	1614118294785
GROUP	Failed to build request Post New Game : Failed to build request: CompletionException: io.gatling.core.session.el.ElParserException: Failed to parse {
  "id": "${gameId}",
  "name": "${name{",
  "releaseDate": "${releaseDate}",
  "reviewScore": "${releaseReviw}",
  "category": "${category}",
  "rating": "${rating}"
}


 with error '`}' expected but `{' found' 	1614118295791
GROUP	Failed to build request Post New Game : Failed to build request: CompletionException: io.gatling.core.session.el.ElParserException: Failed to parse {
  "id": "${gameId}",
  "name": "${name{",
  "releaseDate": "${releaseDate}",
  "reviewScore": "${releaseReviw}",
  "category": "${category}",
  "rating": "${rating}"
}


 with error '`}' expected but `{' found' 	1614118296791
GROUP	Failed to build request Post New Game : Failed to build request: CompletionException: io.gatling.core.session.el.ElParserException: Failed to parse {
  "id": "${gameId}",
  "name": "${name{",
  "releaseDate": "${releaseDate}",
  "reviewScore": "${releaseReviw}",
  "category": "${category}",
  "rating": "${rating}"
}


 with error '`}' expected but `{' found' 	1614118297806
USER	Video Game DB	1	END	1614118293579	1614118298802
