RUN	CustomFeed		customfeed	1614119258445	 	2.0
USER	Video Game DB	1	START	1614119261374	1614119261374
GROUP	Failed to build request Post New Game : Failed to build request: CompletionException: io.gatling.core.session.el.ElParserException: Failed to parse {
  "id": ${gameId},
  "name": "${name{",
  "releaseDate": "${releaseDate}",
  "reviewScore": ${releaseReviw},
  "category": "${category}",
  "rating": "${rating}"
}


 with error '`}' expected but `{' found' 	1614119261857
GROUP	Failed to build request Post New Game : Failed to build request: CompletionException: io.gatling.core.session.el.ElParserException: Failed to parse {
  "id": ${gameId},
  "name": "${name{",
  "releaseDate": "${releaseDate}",
  "reviewScore": ${releaseReviw},
  "category": "${category}",
  "rating": "${rating}"
}


 with error '`}' expected but `{' found' 	1614119262959
GROUP	Failed to build request Post New Game : Failed to build request: CompletionException: io.gatling.core.session.el.ElParserException: Failed to parse {
  "id": ${gameId},
  "name": "${name{",
  "releaseDate": "${releaseDate}",
  "reviewScore": ${releaseReviw},
  "category": "${category}",
  "rating": "${rating}"
}


 with error '`}' expected but `{' found' 	1614119263966
GROUP	Failed to build request Post New Game : Failed to build request: CompletionException: io.gatling.core.session.el.ElParserException: Failed to parse {
  "id": ${gameId},
  "name": "${name{",
  "releaseDate": "${releaseDate}",
  "reviewScore": ${releaseReviw},
  "category": "${category}",
  "rating": "${rating}"
}


 with error '`}' expected but `{' found' 	1614119264953
GROUP	Failed to build request Post New Game : Failed to build request: CompletionException: io.gatling.core.session.el.ElParserException: Failed to parse {
  "id": ${gameId},
  "name": "${name{",
  "releaseDate": "${releaseDate}",
  "reviewScore": ${releaseReviw},
  "category": "${category}",
  "rating": "${rating}"
}


 with error '`}' expected but `{' found' 	1614119265968
USER	Video Game DB	1	END	1614119261374	1614119266958
