RUN	CustomFeed		customfeed	1614119370599	 	2.0
USER	Video Game DB	1	START	1614119373032	1614119373032
GROUP	Failed to build request Post New Game : Failed to build request: CompletionException: io.gatling.core.session.el.ElParserException: Failed to parse {
  "id": ${gameId},
  "name": "${name{",
  "releaseDate": "${releaseDate}",
  "reviewScore": ${releaseReviw},
  "category": "${category}",
  "rating": "${rating}"
}


 with error '`}' expected but `{' found' 	1614119373522
GROUP	Failed to build request Post New Game : Failed to build request: CompletionException: io.gatling.core.session.el.ElParserException: Failed to parse {
  "id": ${gameId},
  "name": "${name{",
  "releaseDate": "${releaseDate}",
  "reviewScore": ${releaseReviw},
  "category": "${category}",
  "rating": "${rating}"
}


 with error '`}' expected but `{' found' 	1614119374555
GROUP	Failed to build request Post New Game : Failed to build request: CompletionException: io.gatling.core.session.el.ElParserException: Failed to parse {
  "id": ${gameId},
  "name": "${name{",
  "releaseDate": "${releaseDate}",
  "reviewScore": ${releaseReviw},
  "category": "${category}",
  "rating": "${rating}"
}


 with error '`}' expected but `{' found' 	1614119375568
GROUP	Failed to build request Post New Game : Failed to build request: CompletionException: io.gatling.core.session.el.ElParserException: Failed to parse {
  "id": ${gameId},
  "name": "${name{",
  "releaseDate": "${releaseDate}",
  "reviewScore": ${releaseReviw},
  "category": "${category}",
  "rating": "${rating}"
}


 with error '`}' expected but `{' found' 	1614119376581
GROUP	Failed to build request Post New Game : Failed to build request: CompletionException: io.gatling.core.session.el.ElParserException: Failed to parse {
  "id": ${gameId},
  "name": "${name{",
  "releaseDate": "${releaseDate}",
  "reviewScore": ${releaseReviw},
  "category": "${category}",
  "rating": "${rating}"
}


 with error '`}' expected but `{' found' 	1614119377583
USER	Video Game DB	1	END	1614119373032	1614119378582
