RUN	RampUsers		rampusers	1614255015594	 	2.0
USER	Video games DB	2	START	1614255023947	1614255023947
USER	Video games DB	4	START	1614255023950	1614255023950
USER	Video games DB	5	START	1614255023958	1614255023958
USER	Video games DB	3	START	1614255023950	1614255023950
USER	Video games DB	6	START	1614255023961	1614255023961
USER	Video games DB	1	START	1614255023950	1614255023950
REQUEST	Video games DB	3		GET all video games API 	1614255024137	1614255024246	OK	 
REQUEST	Video games DB	5		GET all video games API 	1614255024137	1614255024247	OK	 
REQUEST	Video games DB	1		GET all video games API 	1614255024137	1614255024246	OK	 
USER	Video games DB	7	START	1614255024964	1614255024964
USER	Video games DB	8	START	1614255025971	1614255025971
REQUEST	Video games DB	8		GET all video games API 	1614255025971	1614255025988	OK	 
REQUEST	Video games DB	6		GET all video games API 	1614255024137	1614255026224	OK	 
REQUEST	Video games DB	2		GET all video games API 	1614255024137	1614255026233	OK	 
REQUEST	Video games DB	4		GET all video games API 	1614255024138	1614255026240	OK	 
USER	Video games DB	9	START	1614255026951	1614255026951
REQUEST	Video games DB	9		GET all video games API 	1614255026951	1614255026973	OK	 
REQUEST	Video games DB	7		GET all video games API 	1614255024965	1614255027008	OK	 
USER	Video games DB	10	START	1614255027943	1614255027943
USER	Video games DB	11	START	1614255028954	1614255028954
REQUEST	Video games DB	11		GET all video games API 	1614255028954	1614255028977	OK	 
REQUEST	Video games DB	3		Get A specfic video game	1614255029275	1614255029291	OK	 
REQUEST	Video games DB	1		Get A specfic video game	1614255029275	1614255029302	OK	 
REQUEST	Video games DB	5		Get A specfic video game	1614255029289	1614255029308	OK	 
REQUEST	Video games DB	10		GET all video games API 	1614255027943	1614255029964	OK	 
USER	Video games DB	12	START	1614255029964	1614255029964
USER	Video games DB	13	START	1614255030961	1614255030961
REQUEST	Video games DB	13		GET all video games API 	1614255030961	1614255030976	OK	 
REQUEST	Video games DB	8		Get A specfic video game	1614255031004	1614255031014	OK	 
REQUEST	Video games DB	6		Get A specfic video game	1614255031254	1614255031269	OK	 
REQUEST	Video games DB	2		Get A specfic video game	1614255031254	1614255031281	OK	 
REQUEST	Video games DB	4		Get A specfic video game	1614255031254	1614255031285	OK	 
USER	Video games DB	14	START	1614255031941	1614255031941
REQUEST	Video games DB	14		GET all video games API 	1614255031941	1614255031955	OK	 
REQUEST	Video games DB	12		GET all video games API 	1614255029965	1614255031984	OK	 
REQUEST	Video games DB	9		Get A specfic video game	1614255031996	1614255032009	OK	 
REQUEST	Video games DB	7		Get A specfic video game	1614255032022	1614255032033	OK	 
USER	Video games DB	15	START	1614255032965	1614255032965
REQUEST	Video games DB	11		Get A specfic video game	1614255033983	1614255033994	OK	 
REQUEST	Video games DB	3		GET all video games API 	1614255034286	1614255034297	OK	 
USER	Video games DB	3	END	1614255023950	1614255034312
REQUEST	Video games DB	5		GET all video games API 	1614255034297	1614255034310	OK	 
USER	Video games DB	5	END	1614255023958	1614255034312
REQUEST	Video games DB	1		GET all video games API 	1614255034303	1614255034320	OK	 
USER	Video games DB	1	END	1614255023950	1614255034321
REQUEST	Video games DB	15		GET all video games API 	1614255032965	1614255034984	OK	 
REQUEST	Video games DB	10		Get A specfic video game	1614255034981	1614255034993	OK	 
REQUEST	Video games DB	13		Get A specfic video game	1614255035993	1614255036003	OK	 
REQUEST	Video games DB	8		GET all video games API 	1614255036015	1614255036024	OK	 
USER	Video games DB	8	END	1614255025971	1614255036026
REQUEST	Video games DB	6		GET all video games API 	1614255036251	1614255036261	OK	 
USER	Video games DB	6	END	1614255023961	1614255036262
REQUEST	Video games DB	2		GET all video games API 	1614255036273	1614255036284	OK	 
USER	Video games DB	2	END	1614255023947	1614255036285
REQUEST	Video games DB	4		GET all video games API 	1614255036284	1614255036295	OK	 
USER	Video games DB	4	END	1614255023950	1614255036296
REQUEST	Video games DB	14		Get A specfic video game	1614255036976	1614255036987	OK	 
REQUEST	Video games DB	12		Get A specfic video game	1614255037003	1614255037015	OK	 
REQUEST	Video games DB	9		GET all video games API 	1614255037003	1614255037019	OK	 
USER	Video games DB	9	END	1614255026951	1614255037020
REQUEST	Video games DB	7		GET all video games API 	1614255037045	1614255037055	OK	 
USER	Video games DB	7	END	1614255024964	1614255037056
REQUEST	Video games DB	11		GET all video games API 	1614255039013	1614255039024	OK	 
USER	Video games DB	11	END	1614255028954	1614255039026
REQUEST	Video games DB	10		GET all video games API 	1614255039995	1614255040006	OK	 
USER	Video games DB	10	END	1614255027943	1614255040008
REQUEST	Video games DB	15		Get A specfic video game	1614255040010	1614255040019	OK	 
REQUEST	Video games DB	13		GET all video games API 	1614255041017	1614255041028	OK	 
USER	Video games DB	13	END	1614255030961	1614255041030
REQUEST	Video games DB	14		GET all video games API 	1614255041986	1614255041997	OK	 
USER	Video games DB	14	END	1614255031941	1614255041998
REQUEST	Video games DB	12		GET all video games API 	1614255042022	1614255042032	OK	 
USER	Video games DB	12	END	1614255029964	1614255042033
REQUEST	Video games DB	15		GET all video games API 	1614255045016	1614255045029	OK	 
USER	Video games DB	15	END	1614255032965	1614255045030
