RUN	CustomFeed		customfeed	1614118750539	 	2.0
USER	Video Game DB	1	START	1614118752329	1614118752329
GROUP	Failed to build request Post New Game : Failed to build request: CompletionException: io.gatling.core.session.el.ElParserException: Failed to parse {
  "id": "${gameId}",
  "name": "${name{",
  "releaseDate": "${releaseDate}",
  "reviewScore": "${releaseReviw}",
  "category": "${category}",
  "rating": "${rating}"
}


 with error '`}' expected but `{' found' 	1614118752480
GROUP	Failed to build request Post New Game : Failed to build request: CompletionException: io.gatling.core.session.el.ElParserException: Failed to parse {
  "id": "${gameId}",
  "name": "${name{",
  "releaseDate": "${releaseDate}",
  "reviewScore": "${releaseReviw}",
  "category": "${category}",
  "rating": "${rating}"
}


 with error '`}' expected but `{' found' 	1614118753523
GROUP	Failed to build request Post New Game : Failed to build request: CompletionException: io.gatling.core.session.el.ElParserException: Failed to parse {
  "id": "${gameId}",
  "name": "${name{",
  "releaseDate": "${releaseDate}",
  "reviewScore": "${releaseReviw}",
  "category": "${category}",
  "rating": "${rating}"
}


 with error '`}' expected but `{' found' 	1614118754519
GROUP	Failed to build request Post New Game : Failed to build request: CompletionException: io.gatling.core.session.el.ElParserException: Failed to parse {
  "id": "${gameId}",
  "name": "${name{",
  "releaseDate": "${releaseDate}",
  "reviewScore": "${releaseReviw}",
  "category": "${category}",
  "rating": "${rating}"
}


 with error '`}' expected but `{' found' 	1614118755525
GROUP	Failed to build request Post New Game : Failed to build request: CompletionException: io.gatling.core.session.el.ElParserException: Failed to parse {
  "id": "${gameId}",
  "name": "${name{",
  "releaseDate": "${releaseDate}",
  "reviewScore": "${releaseReviw}",
  "category": "${category}",
  "rating": "${rating}"
}


 with error '`}' expected but `{' found' 	1614118756541
USER	Video Game DB	1	END	1614118752329	1614118757543
