RUN	CustomFeed		customfeed	1614118430000	 	2.0
USER	Video Game DB	1	START	1614118431930	1614118431930
GROUP	Failed to build request Post New Game : Failed to build request: CompletionException: io.gatling.core.session.el.ElParserException: Failed to parse {
  "id": "${gameId}",
  "name": "${name{",
  "releaseDate": "${releaseDate}",
  "reviewScore": "${releaseReviw}",
  "category": "${category}",
  "rating": "${rating}"
}


 with error '`}' expected but `{' found' 	1614118432153
GROUP	Failed to build request Post New Game : Failed to build request: CompletionException: io.gatling.core.session.el.ElParserException: Failed to parse {
  "id": "${gameId}",
  "name": "${name{",
  "releaseDate": "${releaseDate}",
  "reviewScore": "${releaseReviw}",
  "category": "${category}",
  "rating": "${rating}"
}


 with error '`}' expected but `{' found' 	1614118433199
GROUP	Failed to build request Post New Game : Failed to build request: CompletionException: io.gatling.core.session.el.ElParserException: Failed to parse {
  "id": "${gameId}",
  "name": "${name{",
  "releaseDate": "${releaseDate}",
  "reviewScore": "${releaseReviw}",
  "category": "${category}",
  "rating": "${rating}"
}


 with error '`}' expected but `{' found' 	1614118434205
GROUP	Failed to build request Post New Game : Failed to build request: CompletionException: io.gatling.core.session.el.ElParserException: Failed to parse {
  "id": "${gameId}",
  "name": "${name{",
  "releaseDate": "${releaseDate}",
  "reviewScore": "${releaseReviw}",
  "category": "${category}",
  "rating": "${rating}"
}


 with error '`}' expected but `{' found' 	1614118435211
GROUP	Failed to build request Post New Game : Failed to build request: CompletionException: io.gatling.core.session.el.ElParserException: Failed to parse {
  "id": "${gameId}",
  "name": "${name{",
  "releaseDate": "${releaseDate}",
  "reviewScore": "${releaseReviw}",
  "category": "${category}",
  "rating": "${rating}"
}


 with error '`}' expected but `{' found' 	1614118436209
USER	Video Game DB	1	END	1614118431930	1614118437217
