RUN	CustomFeed		customfeed	1614118975008	 	2.0
USER	Video Game DB	1	START	1614118976678	1614118976678
GROUP	Failed to build request Post New Game : Failed to build request: CompletionException: io.gatling.core.session.el.ElParserException: Failed to parse {
  "id": ${gameId},
  "name": "${name{",
  "releaseDate": "${releaseDate}",
  "reviewScore": ${releaseReviw},
  "category": "${category}",
  "rating": "${rating}"
}


 with error '`}' expected but `{' found' 	1614118976826
GROUP	Failed to build request Post New Game : Failed to build request: CompletionException: io.gatling.core.session.el.ElParserException: Failed to parse {
  "id": ${gameId},
  "name": "${name{",
  "releaseDate": "${releaseDate}",
  "reviewScore": ${releaseReviw},
  "category": "${category}",
  "rating": "${rating}"
}


 with error '`}' expected but `{' found' 	1614118977881
GROUP	Failed to build request Post New Game : Failed to build request: CompletionException: io.gatling.core.session.el.ElParserException: Failed to parse {
  "id": ${gameId},
  "name": "${name{",
  "releaseDate": "${releaseDate}",
  "reviewScore": ${releaseReviw},
  "category": "${category}",
  "rating": "${rating}"
}


 with error '`}' expected but `{' found' 	1614118978878
GROUP	Failed to build request Post New Game : Failed to build request: CompletionException: io.gatling.core.session.el.ElParserException: Failed to parse {
  "id": ${gameId},
  "name": "${name{",
  "releaseDate": "${releaseDate}",
  "reviewScore": ${releaseReviw},
  "category": "${category}",
  "rating": "${rating}"
}


 with error '`}' expected but `{' found' 	1614118979890
GROUP	Failed to build request Post New Game : Failed to build request: CompletionException: io.gatling.core.session.el.ElParserException: Failed to parse {
  "id": ${gameId},
  "name": "${name{",
  "releaseDate": "${releaseDate}",
  "reviewScore": ${releaseReviw},
  "category": "${category}",
  "rating": "${rating}"
}


 with error '`}' expected but `{' found' 	1614118980898
USER	Video Game DB	1	END	1614118976678	1614118981898
