RUN	InitialStartToTarget		initialstarttotarget	1614255992195	 	2.0
USER	Video games DB	1	START	1614255999219	1614255999219
USER	Video games DB	2	START	1614256000212	1614256000212
USER	Video games DB	3	START	1614256001218	1614256001218
REQUEST	Video games DB	1		GET all video games API 	1614255999264	1614256001302	OK	 
USER	Video games DB	4	START	1614256002219	1614256002219
REQUEST	Video games DB	2		GET all video games API 	1614256000212	1614256002241	OK	 
USER	Video games DB	5	START	1614256002717	1614256002717
REQUEST	Video games DB	5		GET all video games API 	1614256002718	1614256002741	OK	 
USER	Video games DB	6	START	1614256003223	1614256003223
REQUEST	Video games DB	6		GET all video games API 	1614256003223	1614256003237	OK	 
REQUEST	Video games DB	3		GET all video games API 	1614256001218	1614256003244	OK	 
USER	Video games DB	7	START	1614256003719	1614256003719
REQUEST	Video games DB	7		GET all video games API 	1614256003720	1614256003734	OK	 
USER	Video games DB	8	START	1614256004219	1614256004219
REQUEST	Video games DB	4		GET all video games API 	1614256002219	1614256004241	OK	 
USER	Video games DB	9	START	1614256004719	1614256004719
REQUEST	Video games DB	9		GET all video games API 	1614256004719	1614256004731	OK	 
USER	Video games DB	10	START	1614256005219	1614256005219
REQUEST	Video games DB	10		GET all video games API 	1614256005219	1614256005232	OK	 
USER	Video games DB	11	START	1614256005717	1614256005717
REQUEST	Video games DB	11		GET all video games API 	1614256005717	1614256005729	OK	 
USER	Video games DB	12	START	1614256006219	1614256006219
REQUEST	Video games DB	12		GET all video games API 	1614256006219	1614256006237	OK	 
REQUEST	Video games DB	8		GET all video games API 	1614256004219	1614256006241	OK	 
REQUEST	Video games DB	1		Get A specfic video game	1614256006321	1614256006335	OK	 
USER	Video games DB	13	START	1614256006550	1614256006550
USER	Video games DB	14	START	1614256006888	1614256006888
USER	Video games DB	15	START	1614256007222	1614256007222
REQUEST	Video games DB	2		Get A specfic video game	1614256007257	1614256007266	OK	 
USER	Video games DB	16	START	1614256007547	1614256007547
REQUEST	Video games DB	5		Get A specfic video game	1614256007759	1614256007770	OK	 
USER	Video games DB	17	START	1614256007889	1614256007889
USER	Video games DB	18	START	1614256008219	1614256008219
REQUEST	Video games DB	18		GET all video games API 	1614256008219	1614256008233	OK	 
REQUEST	Video games DB	6		Get A specfic video game	1614256008257	1614256008272	OK	 
REQUEST	Video games DB	3		Get A specfic video game	1614256008257	1614256008273	OK	 
REQUEST	Video games DB	13		GET all video games API 	1614256006550	1614256008566	OK	 
USER	Video games DB	19	START	1614256008721	1614256008721
REQUEST	Video games DB	19		GET all video games API 	1614256008721	1614256008733	OK	 
REQUEST	Video games DB	7		Get A specfic video game	1614256008747	1614256008756	OK	 
REQUEST	Video games DB	14		GET all video games API 	1614256006888	1614256008905	OK	 
USER	Video games DB	20	START	1614256009217	1614256009217
REQUEST	Video games DB	15		GET all video games API 	1614256007222	1614256009240	OK	 
REQUEST	Video games DB	4		Get A specfic video game	1614256009260	1614256009270	OK	 
USER	Video games DB	21	START	1614256009460	1614256009460
REQUEST	Video games DB	21		GET all video games API 	1614256009460	1614256009470	OK	 
REQUEST	Video games DB	16		GET all video games API 	1614256007547	1614256009569	OK	 
USER	Video games DB	22	START	1614256009710	1614256009710
REQUEST	Video games DB	9		Get A specfic video game	1614256009747	1614256009760	OK	 
REQUEST	Video games DB	17		GET all video games API 	1614256007889	1614256009907	OK	 
USER	Video games DB	23	START	1614256009960	1614256009960
REQUEST	Video games DB	23		GET all video games API 	1614256009961	1614256009972	OK	 
USER	Video games DB	24	START	1614256010208	1614256010208
REQUEST	Video games DB	24		GET all video games API 	1614256010209	1614256010221	OK	 
REQUEST	Video games DB	10		Get A specfic video game	1614256010252	1614256010262	OK	 
USER	Video games DB	25	START	1614256010558	1614256010558
REQUEST	Video games DB	11		Get A specfic video game	1614256010749	1614256010759	OK	 
USER	Video games DB	26	START	1614256010890	1614256010890
USER	Video games DB	27	START	1614256011217	1614256011217
REQUEST	Video games DB	27		GET all video games API 	1614256011217	1614256011233	OK	 
REQUEST	Video games DB	20		GET all video games API 	1614256009217	1614256011240	OK	 
REQUEST	Video games DB	8		Get A specfic video game	1614256011257	1614256011272	OK	 
REQUEST	Video games DB	12		Get A specfic video game	1614256011257	1614256011274	OK	 
REQUEST	Video games DB	1		GET all video games API 	1614256011332	1614256011342	OK	 
USER	Video games DB	1	END	1614255999219	1614256011347
USER	Video games DB	28	START	1614256011537	1614256011537
REQUEST	Video games DB	22		GET all video games API 	1614256009710	1614256011729	OK	 
USER	Video games DB	29	START	1614256011867	1614256011867
REQUEST	Video games DB	29		GET all video games API 	1614256011867	1614256011880	OK	 
USER	Video games DB	30	START	1614256012208	1614256012208
REQUEST	Video games DB	2		GET all video games API 	1614256012267	1614256012278	OK	 
USER	Video games DB	2	END	1614256000212	1614256012280
USER	Video games DB	31	START	1614256012470	1614256012470
REQUEST	Video games DB	25		GET all video games API 	1614256010558	1614256012574	OK	 
USER	Video games DB	32	START	1614256012719	1614256012719
REQUEST	Video games DB	5		GET all video games API 	1614256012777	1614256012788	OK	 
USER	Video games DB	5	END	1614256002717	1614256012788
REQUEST	Video games DB	26		GET all video games API 	1614256010891	1614256012908	OK	 
USER	Video games DB	33	START	1614256012967	1614256012967
REQUEST	Video games DB	33		GET all video games API 	1614256012968	1614256012979	OK	 
USER	Video games DB	34	START	1614256013219	1614256013219
REQUEST	Video games DB	34		GET all video games API 	1614256013219	1614256013231	OK	 
REQUEST	Video games DB	18		Get A specfic video game	1614256013251	1614256013261	OK	 
REQUEST	Video games DB	6		GET all video games API 	1614256013272	1614256013283	OK	 
USER	Video games DB	6	END	1614256003223	1614256013284
REQUEST	Video games DB	3		GET all video games API 	1614256013283	1614256013292	OK	 
USER	Video games DB	3	END	1614256001218	1614256013294
USER	Video games DB	35	START	1614256013471	1614256013471
REQUEST	Video games DB	28		GET all video games API 	1614256011537	1614256013552	OK	 
REQUEST	Video games DB	13		Get A specfic video game	1614256013577	1614256013588	OK	 
USER	Video games DB	36	START	1614256013719	1614256013719
REQUEST	Video games DB	36		GET all video games API 	1614256013719	1614256013734	OK	 
REQUEST	Video games DB	19		Get A specfic video game	1614256013751	1614256013762	OK	 
REQUEST	Video games DB	7		GET all video games API 	1614256013772	1614256013784	OK	 
USER	Video games DB	7	END	1614256003719	1614256013785
REQUEST	Video games DB	14		Get A specfic video game	1614256013923	1614256013934	OK	 
USER	Video games DB	37	START	1614256013970	1614256013970
USER	Video games DB	38	START	1614256014218	1614256014218
REQUEST	Video games DB	30		GET all video games API 	1614256012209	1614256014224	OK	 
REQUEST	Video games DB	38		GET all video games API 	1614256014218	1614256014231	OK	 
REQUEST	Video games DB	15		Get A specfic video game	1614256014261	1614256014271	OK	 
REQUEST	Video games DB	4		GET all video games API 	1614256014261	1614256014277	OK	 
USER	Video games DB	4	END	1614256002219	1614256014278
USER	Video games DB	39	START	1614256014459	1614256014459
REQUEST	Video games DB	39		GET all video games API 	1614256014459	1614256014471	OK	 
REQUEST	Video games DB	31		GET all video games API 	1614256012471	1614256014487	OK	 
REQUEST	Video games DB	21		Get A specfic video game	1614256014493	1614256014506	OK	 
REQUEST	Video games DB	16		Get A specfic video game	1614256014578	1614256014590	OK	 
USER	Video games DB	40	START	1614256014708	1614256014708
REQUEST	Video games DB	40		GET all video games API 	1614256014709	1614256014724	OK	 
REQUEST	Video games DB	32		GET all video games API 	1614256012720	1614256014751	OK	 
REQUEST	Video games DB	9		GET all video games API 	1614256014769	1614256014782	OK	 
USER	Video games DB	9	END	1614256004719	1614256014783
REQUEST	Video games DB	17		Get A specfic video game	1614256014927	1614256014940	OK	 
USER	Video games DB	41	START	1614256014959	1614256014959
REQUEST	Video games DB	23		Get A specfic video game	1614256014992	1614256015007	OK	 
USER	Video games DB	42	START	1614256015209	1614256015209
REQUEST	Video games DB	24		Get A specfic video game	1614256015242	1614256015253	OK	 
REQUEST	Video games DB	10		GET all video games API 	1614256015258	1614256015266	OK	 
USER	Video games DB	10	END	1614256005219	1614256015267
USER	Video games DB	43	START	1614256015457	1614256015457
REQUEST	Video games DB	43		GET all video games API 	1614256015457	1614256015472	OK	 
REQUEST	Video games DB	35		GET all video games API 	1614256013472	1614256015493	OK	 
USER	Video games DB	44	START	1614256015708	1614256015708
REQUEST	Video games DB	44		GET all video games API 	1614256015709	1614256015722	OK	 
REQUEST	Video games DB	11		GET all video games API 	1614256015763	1614256015776	OK	 
USER	Video games DB	11	END	1614256005717	1614256015777
USER	Video games DB	45	START	1614256015958	1614256015958
REQUEST	Video games DB	45		GET all video games API 	1614256015958	1614256015973	OK	 
REQUEST	Video games DB	37		GET all video games API 	1614256013971	1614256015992	OK	 
USER	Video games DB	46	START	1614256016210	1614256016210
REQUEST	Video games DB	46		GET all video games API 	1614256016210	1614256016224	OK	 
REQUEST	Video games DB	20		Get A specfic video game	1614256016247	1614256016264	OK	 
REQUEST	Video games DB	27		Get A specfic video game	1614256016247	1614256016266	OK	 
REQUEST	Video games DB	12		GET all video games API 	1614256016270	1614256016280	OK	 
USER	Video games DB	12	END	1614256006219	1614256016281
REQUEST	Video games DB	8		GET all video games API 	1614256016281	1614256016291	OK	 
USER	Video games DB	8	END	1614256004219	1614256016292
USER	Video games DB	47	START	1614256016420	1614256016420
USER	Video games DB	48	START	1614256016617	1614256016617
REQUEST	Video games DB	48		GET all video games API 	1614256016617	1614256016629	OK	 
REQUEST	Video games DB	22		Get A specfic video game	1614256016747	1614256016765	OK	 
USER	Video games DB	49	START	1614256016819	1614256016819
REQUEST	Video games DB	49		GET all video games API 	1614256016819	1614256016833	OK	 
REQUEST	Video games DB	29		Get A specfic video game	1614256016901	1614256016911	OK	 
REQUEST	Video games DB	41		GET all video games API 	1614256014959	1614256016983	OK	 
USER	Video games DB	50	START	1614256017020	1614256017020
USER	Video games DB	51	START	1614256017221	1614256017221
REQUEST	Video games DB	42		GET all video games API 	1614256015210	1614256017228	OK	 
REQUEST	Video games DB	51		GET all video games API 	1614256017221	1614256017236	OK	 
USER	Video games DB	52	START	1614256017417	1614256017417
REQUEST	Video games DB	52		GET all video games API 	1614256017417	1614256017429	OK	 
REQUEST	Video games DB	25		Get A specfic video game	1614256017589	1614256017599	OK	 
USER	Video games DB	53	START	1614256017621	1614256017621
REQUEST	Video games DB	53		GET all video games API 	1614256017621	1614256017630	OK	 
USER	Video games DB	54	START	1614256017817	1614256017817
REQUEST	Video games DB	54		GET all video games API 	1614256017818	1614256017832	OK	 
REQUEST	Video games DB	26		Get A specfic video game	1614256017920	1614256017937	OK	 
REQUEST	Video games DB	33		Get A specfic video game	1614256018002	1614256018013	OK	 
USER	Video games DB	55	START	1614256018018	1614256018018
USER	Video games DB	56	START	1614256018217	1614256018217
REQUEST	Video games DB	34		Get A specfic video game	1614256018249	1614256018260	OK	 
REQUEST	Video games DB	18		GET all video games API 	1614256018272	1614256018283	OK	 
USER	Video games DB	18	END	1614256008219	1614256018284
USER	Video games DB	57	START	1614256018411	1614256018411
REQUEST	Video games DB	47		GET all video games API 	1614256016420	1614256018437	OK	 
REQUEST	Video games DB	28		Get A specfic video game	1614256018572	1614256018582	OK	 
REQUEST	Video games DB	13		GET all video games API 	1614256018598	1614256018611	OK	 
USER	Video games DB	13	END	1614256006550	1614256018612
USER	Video games DB	58	START	1614256018610	1614256018610
REQUEST	Video games DB	36		Get A specfic video game	1614256018750	1614256018761	OK	 
REQUEST	Video games DB	19		GET all video games API 	1614256018772	1614256018784	OK	 
USER	Video games DB	19	END	1614256008721	1614256018786
USER	Video games DB	59	START	1614256018809	1614256018809
REQUEST	Video games DB	59		GET all video games API 	1614256018809	1614256018822	OK	 
REQUEST	Video games DB	14		GET all video games API 	1614256018939	1614256018960	OK	 
USER	Video games DB	14	END	1614256006888	1614256018961
USER	Video games DB	60	START	1614256019010	1614256019010
REQUEST	Video games DB	60		GET all video games API 	1614256019011	1614256019025	OK	 
REQUEST	Video games DB	50		GET all video games API 	1614256017020	1614256019043	OK	 
REQUEST	Video games DB	30		Get A specfic video game	1614256019238	1614256019251	OK	 
REQUEST	Video games DB	38		Get A specfic video game	1614256019250	1614256019274	OK	 
REQUEST	Video games DB	15		GET all video games API 	1614256019261	1614256019278	OK	 
USER	Video games DB	15	END	1614256007222	1614256019279
REQUEST	Video games DB	39		Get A specfic video game	1614256019489	1614256019499	OK	 
REQUEST	Video games DB	21		GET all video games API 	1614256019500	1614256019512	OK	 
USER	Video games DB	21	END	1614256009460	1614256019513
REQUEST	Video games DB	31		Get A specfic video game	1614256019500	1614256019523	OK	 
REQUEST	Video games DB	16		GET all video games API 	1614256019597	1614256019609	OK	 
USER	Video games DB	16	END	1614256007547	1614256019610
REQUEST	Video games DB	40		Get A specfic video game	1614256019739	1614256019749	OK	 
REQUEST	Video games DB	32		Get A specfic video game	1614256019772	1614256019782	OK	 
REQUEST	Video games DB	17		GET all video games API 	1614256019942	1614256019952	OK	 
USER	Video games DB	17	END	1614256007889	1614256019952
REQUEST	Video games DB	23		GET all video games API 	1614256020000	1614256020013	OK	 
USER	Video games DB	23	END	1614256009960	1614256020013
REQUEST	Video games DB	55		GET all video games API 	1614256018018	1614256020035	OK	 
REQUEST	Video games DB	56		GET all video games API 	1614256018217	1614256020235	OK	 
REQUEST	Video games DB	24		GET all video games API 	1614256020248	1614256020260	OK	 
USER	Video games DB	24	END	1614256010208	1614256020261
REQUEST	Video games DB	57		GET all video games API 	1614256018411	1614256020430	OK	 
REQUEST	Video games DB	43		Get A specfic video game	1614256020488	1614256020499	OK	 
REQUEST	Video games DB	35		Get A specfic video game	1614256020499	1614256020512	OK	 
REQUEST	Video games DB	58		GET all video games API 	1614256018611	1614256020631	OK	 
REQUEST	Video games DB	44		Get A specfic video game	1614256020743	1614256020759	OK	 
REQUEST	Video games DB	45		Get A specfic video game	1614256020992	1614256021025	OK	 
REQUEST	Video games DB	37		Get A specfic video game	1614256021004	1614256021028	OK	 
REQUEST	Video games DB	46		Get A specfic video game	1614256021240	1614256021251	OK	 
REQUEST	Video games DB	27		GET all video games API 	1614256021273	1614256021286	OK	 
USER	Video games DB	27	END	1614256011217	1614256021287
REQUEST	Video games DB	20		GET all video games API 	1614256021277	1614256021292	OK	 
USER	Video games DB	20	END	1614256009217	1614256021293
REQUEST	Video games DB	48		Get A specfic video game	1614256021650	1614256021661	OK	 
REQUEST	Video games DB	22		GET all video games API 	1614256021768	1614256021779	OK	 
USER	Video games DB	22	END	1614256009710	1614256021780
REQUEST	Video games DB	49		Get A specfic video game	1614256021854	1614256021866	OK	 
REQUEST	Video games DB	29		GET all video games API 	1614256021901	1614256021913	OK	 
USER	Video games DB	29	END	1614256011867	1614256021914
REQUEST	Video games DB	41		Get A specfic video game	1614256021990	1614256022001	OK	 
REQUEST	Video games DB	42		Get A specfic video game	1614256022239	1614256022250	OK	 
REQUEST	Video games DB	51		Get A specfic video game	1614256022250	1614256022261	OK	 
REQUEST	Video games DB	52		Get A specfic video game	1614256022461	1614256022517	OK	 
REQUEST	Video games DB	25		GET all video games API 	1614256022611	1614256022624	OK	 
USER	Video games DB	25	END	1614256010558	1614256022625
REQUEST	Video games DB	53		Get A specfic video game	1614256022639	1614256022653	OK	 
REQUEST	Video games DB	54		Get A specfic video game	1614256022847	1614256022861	OK	 
REQUEST	Video games DB	26		GET all video games API 	1614256022939	1614256022955	OK	 
USER	Video games DB	26	END	1614256010890	1614256022956
REQUEST	Video games DB	33		GET all video games API 	1614256023012	1614256023026	OK	 
USER	Video games DB	33	END	1614256012967	1614256023027
REQUEST	Video games DB	34		GET all video games API 	1614256023270	1614256023282	OK	 
USER	Video games DB	34	END	1614256013219	1614256023284
REQUEST	Video games DB	47		Get A specfic video game	1614256023458	1614256023469	OK	 
REQUEST	Video games DB	28		GET all video games API 	1614256023572	1614256023585	OK	 
USER	Video games DB	28	END	1614256011537	1614256023586
REQUEST	Video games DB	36		GET all video games API 	1614256023765	1614256023818	OK	 
USER	Video games DB	36	END	1614256013719	1614256023820
REQUEST	Video games DB	59		Get A specfic video game	1614256023873	1614256023894	OK	 
REQUEST	Video games DB	60		Get A specfic video game	1614256024042	1614256024053	OK	 
REQUEST	Video games DB	50		Get A specfic video game	1614256024057	1614256024159	OK	 
REQUEST	Video games DB	30		GET all video games API 	1614256024261	1614256024293	OK	 
USER	Video games DB	30	END	1614256012208	1614256024294
REQUEST	Video games DB	38		GET all video games API 	1614256024283	1614256024311	OK	 
USER	Video games DB	38	END	1614256014218	1614256024313
REQUEST	Video games DB	39		GET all video games API 	1614256024501	1614256024521	OK	 
USER	Video games DB	39	END	1614256014459	1614256024522
REQUEST	Video games DB	31		GET all video games API 	1614256024524	1614256024540	OK	 
USER	Video games DB	31	END	1614256012470	1614256024541
REQUEST	Video games DB	40		GET all video games API 	1614256024751	1614256024765	OK	 
USER	Video games DB	40	END	1614256014708	1614256024766
REQUEST	Video games DB	32		GET all video games API 	1614256024768	1614256024778	OK	 
USER	Video games DB	32	END	1614256012719	1614256024779
REQUEST	Video games DB	55		Get A specfic video game	1614256025047	1614256025058	OK	 
REQUEST	Video games DB	56		Get A specfic video game	1614256025241	1614256025251	OK	 
REQUEST	Video games DB	57		Get A specfic video game	1614256025437	1614256025448	OK	 
REQUEST	Video games DB	43		GET all video games API 	1614256025509	1614256025520	OK	 
USER	Video games DB	43	END	1614256015457	1614256025521
REQUEST	Video games DB	35		GET all video games API 	1614256025527	1614256025543	OK	 
USER	Video games DB	35	END	1614256013471	1614256025544
REQUEST	Video games DB	58		Get A specfic video game	1614256025647	1614256025658	OK	 
REQUEST	Video games DB	44		GET all video games API 	1614256025749	1614256025760	OK	 
USER	Video games DB	44	END	1614256015708	1614256025761
REQUEST	Video games DB	37		GET all video games API 	1614256026029	1614256026127	OK	 
USER	Video games DB	37	END	1614256013970	1614256026128
REQUEST	Video games DB	45		GET all video games API 	1614256026029	1614256026137	OK	 
USER	Video games DB	45	END	1614256015958	1614256026138
REQUEST	Video games DB	46		GET all video games API 	1614256026257	1614256026269	OK	 
USER	Video games DB	46	END	1614256016210	1614256026270
REQUEST	Video games DB	48		GET all video games API 	1614256026658	1614256026669	OK	 
USER	Video games DB	48	END	1614256016617	1614256026670
REQUEST	Video games DB	49		GET all video games API 	1614256026860	1614256026874	OK	 
USER	Video games DB	49	END	1614256016819	1614256026875
REQUEST	Video games DB	41		GET all video games API 	1614256027008	1614256027020	OK	 
USER	Video games DB	41	END	1614256014959	1614256027021
REQUEST	Video games DB	42		GET all video games API 	1614256027260	1614256027271	OK	 
USER	Video games DB	42	END	1614256015209	1614256027271
REQUEST	Video games DB	51		GET all video games API 	1614256027271	1614256027284	OK	 
USER	Video games DB	51	END	1614256017221	1614256027284
REQUEST	Video games DB	52		GET all video games API 	1614256027499	1614256027510	OK	 
USER	Video games DB	52	END	1614256017417	1614256027511
REQUEST	Video games DB	53		GET all video games API 	1614256027657	1614256027669	OK	 
USER	Video games DB	53	END	1614256017621	1614256027670
REQUEST	Video games DB	54		GET all video games API 	1614256027870	1614256027886	OK	 
USER	Video games DB	54	END	1614256017817	1614256027887
REQUEST	Video games DB	47		GET all video games API 	1614256028471	1614256028483	OK	 
USER	Video games DB	47	END	1614256016420	1614256028484
REQUEST	Video games DB	59		GET all video games API 	1614256028851	1614256028861	OK	 
USER	Video games DB	59	END	1614256018809	1614256028863
REQUEST	Video games DB	60		GET all video games API 	1614256029049	1614256029060	OK	 
USER	Video games DB	60	END	1614256019010	1614256029061
REQUEST	Video games DB	50		GET all video games API 	1614256029160	1614256029172	OK	 
USER	Video games DB	50	END	1614256017020	1614256029172
REQUEST	Video games DB	55		GET all video games API 	1614256030067	1614256030086	OK	 
USER	Video games DB	55	END	1614256018018	1614256030086
REQUEST	Video games DB	56		GET all video games API 	1614256030259	1614256030272	OK	 
USER	Video games DB	56	END	1614256018217	1614256030273
REQUEST	Video games DB	57		GET all video games API 	1614256030459	1614256030472	OK	 
USER	Video games DB	57	END	1614256018411	1614256030473
REQUEST	Video games DB	58		GET all video games API 	1614256030673	1614256030685	OK	 
USER	Video games DB	58	END	1614256018610	1614256030686
