RUN	RampUsers		rampusers	1614255181326	 	2.0
USER	Video games DB	3	START	1614255188658	1614255188658
USER	Video games DB	5	START	1614255188658	1614255188658
USER	Video games DB	1	START	1614255188657	1614255188657
USER	Video games DB	2	START	1614255188659	1614255188659
USER	Video games DB	6	START	1614255188658	1614255188658
USER	Video games DB	4	START	1614255188658	1614255188658
REQUEST	Video games DB	4		GET all video games API 	1614255188724	1614255188806	OK	 
USER	Video games DB	7	START	1614255189638	1614255189638
REQUEST	Video games DB	7		GET all video games API 	1614255189638	1614255189658	OK	 
USER	Video games DB	8	START	1614255190630	1614255190630
REQUEST	Video games DB	5		GET all video games API 	1614255188723	1614255190828	OK	 
REQUEST	Video games DB	6		GET all video games API 	1614255188723	1614255190833	OK	 
REQUEST	Video games DB	1		GET all video games API 	1614255188724	1614255190836	OK	 
REQUEST	Video games DB	2		GET all video games API 	1614255188724	1614255190845	OK	 
REQUEST	Video games DB	3		GET all video games API 	1614255188724	1614255190849	OK	 
USER	Video games DB	9	START	1614255191638	1614255191638
REQUEST	Video games DB	9		GET all video games API 	1614255191639	1614255191657	OK	 
REQUEST	Video games DB	8		GET all video games API 	1614255190631	1614255192650	OK	 
USER	Video games DB	10	START	1614255192652	1614255192652
REQUEST	Video games DB	10		GET all video games API 	1614255192653	1614255192668	OK	 
USER	Video games DB	11	START	1614255193643	1614255193643
REQUEST	Video games DB	4		Get A specfic video game	1614255193829	1614255193848	OK	 
USER	Video games DB	12	START	1614255194643	1614255194643
REQUEST	Video games DB	7		Get A specfic video game	1614255194669	1614255194682	OK	 
USER	Video games DB	13	START	1614255195641	1614255195641
REQUEST	Video games DB	13		GET all video games API 	1614255195641	1614255195659	OK	 
REQUEST	Video games DB	11		GET all video games API 	1614255193643	1614255195671	OK	 
REQUEST	Video games DB	5		Get A specfic video game	1614255195843	1614255195864	OK	 
REQUEST	Video games DB	1		Get A specfic video game	1614255195855	1614255195878	OK	 
REQUEST	Video games DB	3		Get A specfic video game	1614255195872	1614255195897	OK	 
REQUEST	Video games DB	2		Get A specfic video game	1614255195870	1614255195901	OK	 
REQUEST	Video games DB	6		Get A specfic video game	1614255195860	1614255195902	OK	 
USER	Video games DB	14	START	1614255196641	1614255196641
REQUEST	Video games DB	12		GET all video games API 	1614255194643	1614255196677	OK	 
REQUEST	Video games DB	9		Get A specfic video game	1614255196689	1614255196734	OK	 
USER	Video games DB	15	START	1614255197642	1614255197642
REQUEST	Video games DB	15		GET all video games API 	1614255197643	1614255197655	OK	 
REQUEST	Video games DB	8		Get A specfic video game	1614255197658	1614255197666	OK	 
REQUEST	Video games DB	10		Get A specfic video game	1614255197679	1614255197690	OK	 
REQUEST	Video games DB	14		GET all video games API 	1614255196642	1614255198662	OK	 
REQUEST	Video games DB	4		GET all video games API 	1614255198840	1614255198851	OK	 
USER	Video games DB	4	END	1614255188658	1614255198857
REQUEST	Video games DB	7		GET all video games API 	1614255199691	1614255199702	OK	 
USER	Video games DB	7	END	1614255189638	1614255199704
REQUEST	Video games DB	13		Get A specfic video game	1614255200682	1614255200698	OK	 
REQUEST	Video games DB	11		Get A specfic video game	1614255200682	1614255200700	OK	 
REQUEST	Video games DB	1		GET all video games API 	1614255200870	1614255200883	OK	 
USER	Video games DB	1	END	1614255188657	1614255200885
REQUEST	Video games DB	5		GET all video games API 	1614255200870	1614255200885	OK	 
USER	Video games DB	5	END	1614255188658	1614255200886
REQUEST	Video games DB	3		GET all video games API 	1614255200888	1614255200905	OK	 
USER	Video games DB	3	END	1614255188658	1614255200906
REQUEST	Video games DB	2		GET all video games API 	1614255200888	1614255200908	OK	 
REQUEST	Video games DB	6		GET all video games API 	1614255200888	1614255200909	OK	 
USER	Video games DB	6	END	1614255188658	1614255200910
USER	Video games DB	2	END	1614255188659	1614255200910
REQUEST	Video games DB	12		Get A specfic video game	1614255201693	1614255201705	OK	 
REQUEST	Video games DB	9		GET all video games API 	1614255201729	1614255201738	OK	 
USER	Video games DB	9	END	1614255191638	1614255201739
REQUEST	Video games DB	15		Get A specfic video game	1614255202658	1614255202669	OK	 
REQUEST	Video games DB	8		GET all video games API 	1614255202680	1614255202690	OK	 
USER	Video games DB	8	END	1614255190630	1614255202691
REQUEST	Video games DB	10		GET all video games API 	1614255202701	1614255202712	OK	 
USER	Video games DB	10	END	1614255192652	1614255202713
REQUEST	Video games DB	14		Get A specfic video game	1614255203680	1614255203691	OK	 
REQUEST	Video games DB	13		GET all video games API 	1614255205688	1614255205702	OK	 
USER	Video games DB	13	END	1614255195641	1614255205703
REQUEST	Video games DB	11		GET all video games API 	1614255205699	1614255205712	OK	 
USER	Video games DB	11	END	1614255193643	1614255205714
REQUEST	Video games DB	12		GET all video games API 	1614255206701	1614255206718	OK	 
USER	Video games DB	12	END	1614255194643	1614255206719
REQUEST	Video games DB	15		GET all video games API 	1614255207690	1614255207704	OK	 
USER	Video games DB	15	END	1614255197642	1614255207705
REQUEST	Video games DB	14		GET all video games API 	1614255208700	1614255208710	OK	 
USER	Video games DB	14	END	1614255196641	1614255208711
