RUN	InitialStartToTarget		initialstarttotarget	1614255938008	 	2.0
USER	Video games DB	1	START	1614255945123	1614255945123
USER	Video games DB	2	START	1614255946110	1614255946110
USER	Video games DB	3	START	1614255947111	1614255947111
REQUEST	Video games DB	1		GET all video games API 	1614255945178	1614255947223	OK	 
USER	Video games DB	4	START	1614255948120	1614255948120
REQUEST	Video games DB	4		GET all video games API 	1614255948120	1614255948144	OK	 
REQUEST	Video games DB	2		GET all video games API 	1614255946110	1614255948149	OK	 
USER	Video games DB	5	START	1614255948610	1614255948610
REQUEST	Video games DB	5		GET all video games API 	1614255948610	1614255948627	OK	 
USER	Video games DB	6	START	1614255949111	1614255949111
REQUEST	Video games DB	3		GET all video games API 	1614255947111	1614255949137	OK	 
USER	Video games DB	7	START	1614255949624	1614255949624
USER	Video games DB	8	START	1614255950121	1614255950121
REQUEST	Video games DB	8		GET all video games API 	1614255950121	1614255950136	OK	 
USER	Video games DB	9	START	1614255950620	1614255950620
USER	Video games DB	10	START	1614255951120	1614255951120
REQUEST	Video games DB	10		GET all video games API 	1614255951120	1614255951137	OK	 
REQUEST	Video games DB	6		GET all video games API 	1614255949111	1614255951144	OK	 
USER	Video games DB	11	START	1614255951613	1614255951613
REQUEST	Video games DB	7		GET all video games API 	1614255949624	1614255951640	OK	 
USER	Video games DB	12	START	1614255952110	1614255952110
REQUEST	Video games DB	1		Get A specfic video game	1614255952254	1614255952266	OK	 
USER	Video games DB	13	START	1614255952445	1614255952445
REQUEST	Video games DB	9		GET all video games API 	1614255950621	1614255952651	OK	 
USER	Video games DB	14	START	1614255952772	1614255952772
REQUEST	Video games DB	14		GET all video games API 	1614255952772	1614255952784	OK	 
USER	Video games DB	15	START	1614255953112	1614255953112
REQUEST	Video games DB	4		Get A specfic video game	1614255953161	1614255953177	OK	 
REQUEST	Video games DB	2		Get A specfic video game	1614255953161	1614255953180	OK	 
USER	Video games DB	16	START	1614255953452	1614255953452
REQUEST	Video games DB	16		GET all video games API 	1614255953452	1614255953465	OK	 
REQUEST	Video games DB	11		GET all video games API 	1614255951614	1614255953635	OK	 
REQUEST	Video games DB	5		Get A specfic video game	1614255953640	1614255953650	OK	 
USER	Video games DB	17	START	1614255953790	1614255953790
REQUEST	Video games DB	17		GET all video games API 	1614255953790	1614255953806	OK	 
USER	Video games DB	18	START	1614255954120	1614255954120
REQUEST	Video games DB	12		GET all video games API 	1614255952110	1614255954131	OK	 
REQUEST	Video games DB	18		GET all video games API 	1614255954120	1614255954137	OK	 
REQUEST	Video games DB	3		Get A specfic video game	1614255954155	1614255954165	OK	 
REQUEST	Video games DB	13		GET all video games API 	1614255952445	1614255954464	OK	 
USER	Video games DB	19	START	1614255954600	1614255954600
REQUEST	Video games DB	19		GET all video games API 	1614255954600	1614255954612	OK	 
USER	Video games DB	20	START	1614255955104	1614255955104
REQUEST	Video games DB	20		GET all video games API 	1614255955104	1614255955117	OK	 
REQUEST	Video games DB	15		GET all video games API 	1614255953112	1614255955129	OK	 
REQUEST	Video games DB	8		Get A specfic video game	1614255955151	1614255955161	OK	 
USER	Video games DB	21	START	1614255955370	1614255955370
REQUEST	Video games DB	21		GET all video games API 	1614255955370	1614255955380	OK	 
USER	Video games DB	22	START	1614255955622	1614255955622
REQUEST	Video games DB	22		GET all video games API 	1614255955622	1614255955636	OK	 
USER	Video games DB	23	START	1614255955870	1614255955870
USER	Video games DB	24	START	1614255956124	1614255956124
REQUEST	Video games DB	24		GET all video games API 	1614255956124	1614255956138	OK	 
REQUEST	Video games DB	6		Get A specfic video game	1614255956150	1614255956167	OK	 
REQUEST	Video games DB	10		Get A specfic video game	1614255956150	1614255956171	OK	 
USER	Video games DB	25	START	1614255956453	1614255956453
REQUEST	Video games DB	25		GET all video games API 	1614255956453	1614255956468	OK	 
REQUEST	Video games DB	7		Get A specfic video game	1614255956661	1614255956671	OK	 
USER	Video games DB	26	START	1614255956783	1614255956783
REQUEST	Video games DB	26		GET all video games API 	1614255956783	1614255956796	OK	 
USER	Video games DB	27	START	1614255957123	1614255957123
REQUEST	Video games DB	27		GET all video games API 	1614255957124	1614255957134	OK	 
REQUEST	Video games DB	1		GET all video games API 	1614255957243	1614255957253	OK	 
USER	Video games DB	1	END	1614255945123	1614255957256
USER	Video games DB	28	START	1614255957454	1614255957454
REQUEST	Video games DB	28		GET all video games API 	1614255957455	1614255957468	OK	 
REQUEST	Video games DB	9		Get A specfic video game	1614255957661	1614255957670	OK	 
USER	Video games DB	29	START	1614255957782	1614255957782
REQUEST	Video games DB	29		GET all video games API 	1614255957783	1614255957798	OK	 
REQUEST	Video games DB	14		Get A specfic video game	1614255957805	1614255957817	OK	 
REQUEST	Video games DB	23		GET all video games API 	1614255955871	1614255957887	OK	 
USER	Video games DB	30	START	1614255958124	1614255958124
REQUEST	Video games DB	2		GET all video games API 	1614255958183	1614255958195	OK	 
USER	Video games DB	2	END	1614255946110	1614255958196
REQUEST	Video games DB	4		GET all video games API 	1614255958183	1614255958198	OK	 
USER	Video games DB	4	END	1614255948120	1614255958207
USER	Video games DB	31	START	1614255958375	1614255958375
REQUEST	Video games DB	16		Get A specfic video game	1614255958483	1614255958495	OK	 
USER	Video games DB	32	START	1614255958620	1614255958620
REQUEST	Video games DB	11		Get A specfic video game	1614255958642	1614255958652	OK	 
REQUEST	Video games DB	5		GET all video games API 	1614255958664	1614255958674	OK	 
USER	Video games DB	5	END	1614255948610	1614255958676
REQUEST	Video games DB	17		Get A specfic video game	1614255958825	1614255958834	OK	 
USER	Video games DB	33	START	1614255958873	1614255958873
USER	Video games DB	34	START	1614255959123	1614255959123
REQUEST	Video games DB	34		GET all video games API 	1614255959123	1614255959136	OK	 
REQUEST	Video games DB	12		Get A specfic video game	1614255959141	1614255959151	OK	 
REQUEST	Video games DB	18		Get A specfic video game	1614255959152	1614255959162	OK	 
REQUEST	Video games DB	3		GET all video games API 	1614255959163	1614255959175	OK	 
USER	Video games DB	3	END	1614255947111	1614255959177
USER	Video games DB	35	START	1614255959373	1614255959373
REQUEST	Video games DB	13		Get A specfic video game	1614255959475	1614255959483	OK	 
USER	Video games DB	36	START	1614255959623	1614255959623
REQUEST	Video games DB	19		Get A specfic video game	1614255959634	1614255959644	OK	 
USER	Video games DB	37	START	1614255959871	1614255959871
USER	Video games DB	38	START	1614255960125	1614255960125
REQUEST	Video games DB	20		Get A specfic video game	1614255960125	1614255960138	OK	 
REQUEST	Video games DB	30		GET all video games API 	1614255958125	1614255960150	OK	 
REQUEST	Video games DB	15		Get A specfic video game	1614255960142	1614255960158	OK	 
REQUEST	Video games DB	8		GET all video games API 	1614255960175	1614255960186	OK	 
USER	Video games DB	8	END	1614255950121	1614255960187
USER	Video games DB	39	START	1614255960362	1614255960362
REQUEST	Video games DB	31		GET all video games API 	1614255958376	1614255960392	OK	 
REQUEST	Video games DB	21		Get A specfic video game	1614255960400	1614255960414	OK	 
USER	Video games DB	40	START	1614255960610	1614255960610
REQUEST	Video games DB	32		GET all video games API 	1614255958620	1614255960636	OK	 
REQUEST	Video games DB	22		Get A specfic video game	1614255960653	1614255960664	OK	 
USER	Video games DB	41	START	1614255960862	1614255960862
REQUEST	Video games DB	41		GET all video games API 	1614255960863	1614255960877	OK	 
REQUEST	Video games DB	33		GET all video games API 	1614255958873	1614255960890	OK	 
USER	Video games DB	42	START	1614255961120	1614255961120
REQUEST	Video games DB	42		GET all video games API 	1614255961120	1614255961132	OK	 
REQUEST	Video games DB	24		Get A specfic video game	1614255961153	1614255961165	OK	 
REQUEST	Video games DB	10		GET all video games API 	1614255961180	1614255961192	OK	 
USER	Video games DB	10	END	1614255951120	1614255961193
REQUEST	Video games DB	6		GET all video games API 	1614255961180	1614255961195	OK	 
USER	Video games DB	6	END	1614255949111	1614255961196
USER	Video games DB	43	START	1614255961364	1614255961364
REQUEST	Video games DB	35		GET all video games API 	1614255959374	1614255961392	OK	 
REQUEST	Video games DB	25		Get A specfic video game	1614255961482	1614255961493	OK	 
USER	Video games DB	44	START	1614255961611	1614255961611
REQUEST	Video games DB	36		GET all video games API 	1614255959623	1614255961638	OK	 
REQUEST	Video games DB	7		GET all video games API 	1614255961671	1614255961681	OK	 
USER	Video games DB	7	END	1614255949624	1614255961682
REQUEST	Video games DB	26		Get A specfic video game	1614255961812	1614255961823	OK	 
USER	Video games DB	45	START	1614255961859	1614255961859
REQUEST	Video games DB	45		GET all video games API 	1614255961860	1614255961875	OK	 
REQUEST	Video games DB	37		GET all video games API 	1614255959872	1614255961895	OK	 
USER	Video games DB	46	START	1614255962111	1614255962111
REQUEST	Video games DB	38		GET all video games API 	1614255960125	1614255962140	OK	 
REQUEST	Video games DB	27		Get A specfic video game	1614255962155	1614255962166	OK	 
USER	Video games DB	47	START	1614255962311	1614255962311
REQUEST	Video games DB	39		GET all video games API 	1614255960362	1614255962378	OK	 
REQUEST	Video games DB	28		Get A specfic video game	1614255962475	1614255962490	OK	 
USER	Video games DB	48	START	1614255962511	1614255962511
REQUEST	Video games DB	48		GET all video games API 	1614255962512	1614255962527	OK	 
REQUEST	Video games DB	40		GET all video games API 	1614255960610	1614255962627	OK	 
REQUEST	Video games DB	9		GET all video games API 	1614255962673	1614255962684	OK	 
USER	Video games DB	9	END	1614255950620	1614255962685
USER	Video games DB	49	START	1614255962710	1614255962710
REQUEST	Video games DB	49		GET all video games API 	1614255962710	1614255962723	OK	 
REQUEST	Video games DB	14		GET all video games API 	1614255962800	1614255962809	OK	 
USER	Video games DB	14	END	1614255952772	1614255962810
REQUEST	Video games DB	29		Get A specfic video game	1614255962810	1614255962819	OK	 
REQUEST	Video games DB	23		Get A specfic video game	1614255962902	1614255962913	OK	 
USER	Video games DB	50	START	1614255962913	1614255962913
USER	Video games DB	51	START	1614255963115	1614255963115
USER	Video games DB	52	START	1614255963302	1614255963302
REQUEST	Video games DB	52		GET all video games API 	1614255963302	1614255963318	OK	 
REQUEST	Video games DB	43		GET all video games API 	1614255961365	1614255963383	OK	 
USER	Video games DB	53	START	1614255963501	1614255963501
REQUEST	Video games DB	16		GET all video games API 	1614255963501	1614255963516	OK	 
USER	Video games DB	16	END	1614255953452	1614255963517
REQUEST	Video games DB	53		GET all video games API 	1614255963501	1614255963523	OK	 
REQUEST	Video games DB	44		GET all video games API 	1614255961612	1614255963637	OK	 
REQUEST	Video games DB	11		GET all video games API 	1614255963675	1614255963691	OK	 
USER	Video games DB	11	END	1614255951613	1614255963692
USER	Video games DB	54	START	1614255963705	1614255963705
REQUEST	Video games DB	54		GET all video games API 	1614255963706	1614255963722	OK	 
REQUEST	Video games DB	17		GET all video games API 	1614255963832	1614255963859	OK	 
USER	Video games DB	17	END	1614255953790	1614255963860
USER	Video games DB	55	START	1614255963902	1614255963902
REQUEST	Video games DB	55		GET all video games API 	1614255963902	1614255963917	OK	 
USER	Video games DB	56	START	1614255964105	1614255964105
REQUEST	Video games DB	56		GET all video games API 	1614255964105	1614255964122	OK	 
REQUEST	Video games DB	46		GET all video games API 	1614255962112	1614255964134	OK	 
REQUEST	Video games DB	34		Get A specfic video game	1614255964140	1614255964153	OK	 
REQUEST	Video games DB	18		GET all video games API 	1614255964165	1614255964178	OK	 
USER	Video games DB	18	END	1614255954120	1614255964179
REQUEST	Video games DB	12		GET all video games API 	1614255964165	1614255964188	OK	 
USER	Video games DB	12	END	1614255952110	1614255964189
USER	Video games DB	57	START	1614255964313	1614255964313
REQUEST	Video games DB	57		GET all video games API 	1614255964313	1614255964327	OK	 
REQUEST	Video games DB	47		GET all video games API 	1614255962311	1614255964333	OK	 
REQUEST	Video games DB	13		GET all video games API 	1614255964495	1614255964510	OK	 
USER	Video games DB	13	END	1614255952445	1614255964511
USER	Video games DB	58	START	1614255964514	1614255964514
REQUEST	Video games DB	58		GET all video games API 	1614255964514	1614255964532	OK	 
REQUEST	Video games DB	19		GET all video games API 	1614255964632	1614255964643	OK	 
USER	Video games DB	19	END	1614255954600	1614255964644
USER	Video games DB	59	START	1614255964713	1614255964713
USER	Video games DB	60	START	1614255964912	1614255964912
REQUEST	Video games DB	50		GET all video games API 	1614255962913	1614255964930	OK	 
REQUEST	Video games DB	51		GET all video games API 	1614255963115	1614255965133	OK	 
REQUEST	Video games DB	20		GET all video games API 	1614255965156	1614255965168	OK	 
USER	Video games DB	20	END	1614255955104	1614255965169
REQUEST	Video games DB	15		GET all video games API 	1614255965160	1614255965179	OK	 
USER	Video games DB	15	END	1614255953112	1614255965180
REQUEST	Video games DB	30		Get A specfic video game	1614255965160	1614255965181	OK	 
REQUEST	Video games DB	21		GET all video games API 	1614255965402	1614255965414	OK	 
USER	Video games DB	21	END	1614255955370	1614255965415
REQUEST	Video games DB	31		Get A specfic video game	1614255965402	1614255965420	OK	 
REQUEST	Video games DB	32		Get A specfic video game	1614255965650	1614255965658	OK	 
REQUEST	Video games DB	22		GET all video games API 	1614255965672	1614255965680	OK	 
USER	Video games DB	22	END	1614255955622	1614255965681
REQUEST	Video games DB	41		Get A specfic video game	1614255965890	1614255965899	OK	 
REQUEST	Video games DB	33		Get A specfic video game	1614255965902	1614255965911	OK	 
REQUEST	Video games DB	42		Get A specfic video game	1614255966151	1614255966159	OK	 
REQUEST	Video games DB	24		GET all video games API 	1614255966172	1614255966181	OK	 
USER	Video games DB	24	END	1614255956124	1614255966183
REQUEST	Video games DB	35		Get A specfic video game	1614255966415	1614255966424	OK	 
REQUEST	Video games DB	25		GET all video games API 	1614255966500	1614255966512	OK	 
USER	Video games DB	25	END	1614255956453	1614255966513
REQUEST	Video games DB	36		Get A specfic video game	1614255966653	1614255966662	OK	 
REQUEST	Video games DB	59		GET all video games API 	1614255964713	1614255966728	OK	 
REQUEST	Video games DB	26		GET all video games API 	1614255966831	1614255966842	OK	 
USER	Video games DB	26	END	1614255956783	1614255966843
REQUEST	Video games DB	45		Get A specfic video game	1614255966884	1614255966892	OK	 
REQUEST	Video games DB	37		Get A specfic video game	1614255966900	1614255966908	OK	 
REQUEST	Video games DB	60		GET all video games API 	1614255964912	1614255966929	OK	 
REQUEST	Video games DB	38		Get A specfic video game	1614255967151	1614255967158	OK	 
REQUEST	Video games DB	27		GET all video games API 	1614255967162	1614255967171	OK	 
USER	Video games DB	27	END	1614255957123	1614255967172
REQUEST	Video games DB	39		Get A specfic video game	1614255967394	1614255967403	OK	 
REQUEST	Video games DB	28		GET all video games API 	1614255967516	1614255967529	OK	 
USER	Video games DB	28	END	1614255957454	1614255967530
REQUEST	Video games DB	48		Get A specfic video game	1614255967541	1614255967551	OK	 
REQUEST	Video games DB	40		Get A specfic video game	1614255967632	1614255967640	OK	 
REQUEST	Video games DB	49		Get A specfic video game	1614255967731	1614255967739	OK	 
REQUEST	Video games DB	29		GET all video games API 	1614255967820	1614255967828	OK	 
USER	Video games DB	29	END	1614255957782	1614255967829
REQUEST	Video games DB	23		GET all video games API 	1614255967910	1614255967920	OK	 
USER	Video games DB	23	END	1614255955870	1614255967920
REQUEST	Video games DB	52		Get A specfic video game	1614255968332	1614255968343	OK	 
REQUEST	Video games DB	43		Get A specfic video game	1614255968401	1614255968410	OK	 
REQUEST	Video games DB	53		Get A specfic video game	1614255968533	1614255968541	OK	 
REQUEST	Video games DB	44		Get A specfic video game	1614255968655	1614255968667	OK	 
REQUEST	Video games DB	54		Get A specfic video game	1614255968734	1614255968744	OK	 
REQUEST	Video games DB	55		Get A specfic video game	1614255968930	1614255968939	OK	 
REQUEST	Video games DB	56		Get A specfic video game	1614255969132	1614255969141	OK	 
REQUEST	Video games DB	46		Get A specfic video game	1614255969153	1614255969161	OK	 
REQUEST	Video games DB	34		GET all video games API 	1614255969164	1614255969173	OK	 
USER	Video games DB	34	END	1614255959123	1614255969174
REQUEST	Video games DB	57		Get A specfic video game	1614255969334	1614255969344	OK	 
REQUEST	Video games DB	47		Get A specfic video game	1614255969350	1614255969357	OK	 
REQUEST	Video games DB	58		Get A specfic video game	1614255969550	1614255969560	OK	 
REQUEST	Video games DB	50		Get A specfic video game	1614255969942	1614255969952	OK	 
REQUEST	Video games DB	51		Get A specfic video game	1614255970154	1614255970166	OK	 
REQUEST	Video games DB	30		GET all video games API 	1614255970181	1614255970190	OK	 
USER	Video games DB	30	END	1614255958124	1614255970191
REQUEST	Video games DB	31		GET all video games API 	1614255970420	1614255970431	OK	 
USER	Video games DB	31	END	1614255958375	1614255970432
REQUEST	Video games DB	32		GET all video games API 	1614255970661	1614255970670	OK	 
USER	Video games DB	32	END	1614255958620	1614255970671
REQUEST	Video games DB	41		GET all video games API 	1614255970905	1614255970917	OK	 
USER	Video games DB	41	END	1614255960862	1614255970918
REQUEST	Video games DB	33		GET all video games API 	1614255970910	1614255970925	OK	 
USER	Video games DB	33	END	1614255958873	1614255970927
REQUEST	Video games DB	42		GET all video games API 	1614255971153	1614255971162	OK	 
USER	Video games DB	42	END	1614255961120	1614255971163
REQUEST	Video games DB	35		GET all video games API 	1614255971422	1614255971433	OK	 
USER	Video games DB	35	END	1614255959373	1614255971434
REQUEST	Video games DB	36		GET all video games API 	1614255971663	1614255971671	OK	 
USER	Video games DB	36	END	1614255959623	1614255971671
REQUEST	Video games DB	59		Get A specfic video game	1614255971741	1614255971752	OK	 
REQUEST	Video games DB	45		GET all video games API 	1614255971890	1614255971899	OK	 
USER	Video games DB	45	END	1614255961859	1614255971900
REQUEST	Video games DB	37		GET all video games API 	1614255971911	1614255971922	OK	 
USER	Video games DB	37	END	1614255959871	1614255971923
REQUEST	Video games DB	60		Get A specfic video game	1614255971943	1614255971955	OK	 
REQUEST	Video games DB	38		GET all video games API 	1614255972160	1614255972170	OK	 
USER	Video games DB	38	END	1614255960125	1614255972171
REQUEST	Video games DB	39		GET all video games API 	1614255972401	1614255972411	OK	 
USER	Video games DB	39	END	1614255960362	1614255972412
REQUEST	Video games DB	48		GET all video games API 	1614255972550	1614255972561	OK	 
USER	Video games DB	48	END	1614255962511	1614255972562
REQUEST	Video games DB	40		GET all video games API 	1614255972652	1614255972661	OK	 
USER	Video games DB	40	END	1614255960610	1614255972662
REQUEST	Video games DB	49		GET all video games API 	1614255972754	1614255972765	OK	 
USER	Video games DB	49	END	1614255962710	1614255972766
REQUEST	Video games DB	52		GET all video games API 	1614255973351	1614255973369	OK	 
USER	Video games DB	52	END	1614255963302	1614255973370
REQUEST	Video games DB	43		GET all video games API 	1614255973410	1614255973424	OK	 
USER	Video games DB	43	END	1614255961364	1614255973425
REQUEST	Video games DB	53		GET all video games API 	1614255973540	1614255973552	OK	 
USER	Video games DB	53	END	1614255963501	1614255973553
REQUEST	Video games DB	44		GET all video games API 	1614255973661	1614255973671	OK	 
USER	Video games DB	44	END	1614255961611	1614255973672
REQUEST	Video games DB	54		GET all video games API 	1614255973741	1614255973751	OK	 
USER	Video games DB	54	END	1614255963705	1614255973752
REQUEST	Video games DB	55		GET all video games API 	1614255973940	1614255973952	OK	 
USER	Video games DB	55	END	1614255963902	1614255973953
REQUEST	Video games DB	56		GET all video games API 	1614255974143	1614255974154	OK	 
USER	Video games DB	56	END	1614255964105	1614255974156
REQUEST	Video games DB	46		GET all video games API 	1614255974165	1614255974179	OK	 
USER	Video games DB	46	END	1614255962111	1614255974180
REQUEST	Video games DB	57		GET all video games API 	1614255974354	1614255974370	OK	 
USER	Video games DB	57	END	1614255964313	1614255974371
REQUEST	Video games DB	47		GET all video games API 	1614255974355	1614255974374	OK	 
USER	Video games DB	47	END	1614255962311	1614255974375
REQUEST	Video games DB	58		GET all video games API 	1614255974561	1614255974575	OK	 
USER	Video games DB	58	END	1614255964514	1614255974577
REQUEST	Video games DB	50		GET all video games API 	1614255974963	1614255974972	OK	 
USER	Video games DB	50	END	1614255962913	1614255974973
REQUEST	Video games DB	51		GET all video games API 	1614255975154	1614255975165	OK	 
USER	Video games DB	51	END	1614255963115	1614255975166
REQUEST	Video games DB	59		GET all video games API 	1614255976763	1614255976773	OK	 
USER	Video games DB	59	END	1614255964713	1614255976775
REQUEST	Video games DB	60		GET all video games API 	1614255976962	1614255976973	OK	 
USER	Video games DB	60	END	1614255964912	1614255976974
